<?xml version="1.0" encoding="UTF-8"?>
<coverage generated="1611460297300" clover="3.2.0">
  <project timestamp="1611460297300" name="All files">
    <metrics statements="281" coveredstatements="131" conditionals="86" coveredconditionals="4" methods="100" coveredmethods="8" elements="467" coveredelements="143" complexity="0" loc="281" ncloc="281" packages="4" files="31" classes="31"/>
    <package name="components">
      <metrics statements="120" coveredstatements="35" conditionals="72" coveredconditionals="4" methods="50" coveredmethods="8"/>
      <file name="App.jsx" path="/Users/Taivnaa/Desktop/hack-reactor/FEC/Local-Review/client/components/App.jsx">
        <metrics statements="15" coveredstatements="11" conditionals="0" coveredconditionals="0" methods="9" coveredmethods="5"/>
        <line num="7" count="1" type="stmt"/>
        <line num="49" count="1" type="stmt"/>
        <line num="58" count="3" type="stmt"/>
        <line num="59" count="3" type="stmt"/>
        <line num="63" count="3" type="stmt"/>
        <line num="64" count="3" type="stmt"/>
        <line num="67" count="3" type="stmt"/>
        <line num="69" count="0" type="stmt"/>
        <line num="73" count="0" type="stmt"/>
        <line num="76" count="3" type="stmt"/>
        <line num="78" count="0" type="stmt"/>
        <line num="82" count="0" type="stmt"/>
        <line num="85" count="3" type="stmt"/>
        <line num="86" count="3" type="stmt"/>
        <line num="89" count="3" type="stmt"/>
      </file>
      <file name="FeatureItem.jsx" path="/Users/Taivnaa/Desktop/hack-reactor/FEC/Local-Review/client/components/FeatureItem.jsx">
        <metrics statements="25" coveredstatements="5" conditionals="36" coveredconditionals="1" methods="4" coveredmethods="1"/>
        <line num="22" count="3" type="stmt"/>
        <line num="65" count="3" type="stmt"/>
        <line num="66" count="1" type="stmt"/>
        <line num="67" count="0" type="stmt"/>
        <line num="68" count="0" type="stmt"/>
        <line num="70" count="1" type="stmt"/>
        <line num="71" count="0" type="cond" truecount="0" falsecount="2"/>
        <line num="72" count="0" type="cond" truecount="0" falsecount="2"/>
        <line num="73" count="0" type="cond" truecount="0" falsecount="2"/>
        <line num="74" count="0" type="cond" truecount="0" falsecount="2"/>
        <line num="75" count="0" type="cond" truecount="0" falsecount="2"/>
        <line num="76" count="0" type="cond" truecount="0" falsecount="2"/>
        <line num="77" count="0" type="cond" truecount="0" falsecount="2"/>
        <line num="79" count="0" type="cond" truecount="0" falsecount="2"/>
        <line num="80" count="0" type="cond" truecount="0" falsecount="2"/>
        <line num="81" count="0" type="cond" truecount="0" falsecount="2"/>
        <line num="82" count="0" type="cond" truecount="0" falsecount="2"/>
        <line num="83" count="0" type="cond" truecount="0" falsecount="2"/>
        <line num="84" count="0" type="cond" truecount="0" falsecount="2"/>
        <line num="85" count="0" type="cond" truecount="0" falsecount="2"/>
        <line num="86" count="0" type="cond" truecount="0" falsecount="2"/>
        <line num="87" count="0" type="cond" truecount="0" falsecount="2"/>
        <line num="88" count="0" type="cond" truecount="0" falsecount="2"/>
        <line num="91" count="1" type="stmt"/>
        <line num="96" count="0" type="stmt"/>
      </file>
      <file name="Features.jsx" path="/Users/Taivnaa/Desktop/hack-reactor/FEC/Local-Review/client/components/Features.jsx">
        <metrics statements="14" coveredstatements="9" conditionals="6" coveredconditionals="3" methods="3" coveredmethods="2"/>
        <line num="5" count="2" type="stmt"/>
        <line num="10" count="2" type="stmt"/>
        <line num="39" count="3" type="stmt"/>
        <line num="40" count="3" type="stmt"/>
        <line num="43" count="3" type="stmt"/>
        <line num="47" count="0" type="stmt"/>
        <line num="52" count="3" type="stmt"/>
        <line num="53" count="3" type="stmt"/>
        <line num="54" count="3" type="cond" truecount="1" falsecount="1"/>
        <line num="55" count="0" type="stmt"/>
        <line num="56" count="0" type="stmt"/>
        <line num="57" count="0" type="stmt"/>
        <line num="58" count="0" type="stmt"/>
        <line num="60" count="3" type="stmt"/>
      </file>
      <file name="NextButton.jsx" path="/Users/Taivnaa/Desktop/hack-reactor/FEC/Local-Review/client/components/NextButton.jsx">
        <metrics statements="5" coveredstatements="4" conditionals="2" coveredconditionals="0" methods="1" coveredmethods="0"/>
        <line num="4" count="1" type="stmt"/>
        <line num="37" count="1" type="stmt"/>
        <line num="42" count="1" type="stmt"/>
        <line num="46" count="1" type="stmt"/>
        <line num="47" count="0" type="stmt"/>
      </file>
      <file name="PrevButton.jsx" path="/Users/Taivnaa/Desktop/hack-reactor/FEC/Local-Review/client/components/PrevButton.jsx">
        <metrics statements="5" coveredstatements="4" conditionals="0" coveredconditionals="0" methods="1" coveredmethods="0"/>
        <line num="4" count="1" type="stmt"/>
        <line num="29" count="1" type="stmt"/>
        <line num="34" count="1" type="stmt"/>
        <line num="38" count="1" type="stmt"/>
        <line num="39" count="0" type="stmt"/>
      </file>
      <file name="ReviewItem.jsx" path="/Users/Taivnaa/Desktop/hack-reactor/FEC/Local-Review/client/components/ReviewItem.jsx">
        <metrics statements="17" coveredstatements="1" conditionals="6" coveredconditionals="0" methods="7" coveredmethods="0"/>
        <line num="6" count="1" type="stmt"/>
        <line num="7" count="0" type="cond" truecount="0" falsecount="2"/>
        <line num="13" count="0" type="stmt"/>
        <line num="73" count="0" type="stmt"/>
        <line num="74" count="0" type="stmt"/>
        <line num="79" count="0" type="stmt"/>
        <line num="82" count="0" type="stmt"/>
        <line num="83" count="0" type="cond" truecount="0" falsecount="2"/>
        <line num="84" count="0" type="stmt"/>
        <line num="85" count="0" type="stmt"/>
        <line num="90" count="0" type="stmt"/>
        <line num="91" count="0" type="stmt"/>
        <line num="98" count="0" type="stmt"/>
        <line num="99" count="0" type="stmt"/>
        <line num="100" count="0" type="stmt"/>
        <line num="102" count="0" type="stmt"/>
        <line num="110" count="0" type="stmt"/>
      </file>
      <file name="Reviews.jsx" path="/Users/Taivnaa/Desktop/hack-reactor/FEC/Local-Review/client/components/Reviews.jsx">
        <metrics statements="39" coveredstatements="1" conditionals="22" coveredconditionals="0" methods="25" coveredmethods="0"/>
        <line num="11" count="1" type="stmt"/>
        <line num="81" count="0" type="cond" truecount="0" falsecount="2"/>
        <line num="100" count="0" type="stmt"/>
        <line num="101" count="0" type="stmt"/>
        <line num="109" count="0" type="stmt"/>
        <line num="110" count="0" type="stmt"/>
        <line num="111" count="0" type="stmt"/>
        <line num="112" count="0" type="stmt"/>
        <line num="115" count="0" type="stmt"/>
        <line num="120" count="0" type="stmt"/>
        <line num="127" count="0" type="stmt"/>
        <line num="129" count="0" type="stmt"/>
        <line num="133" count="0" type="stmt"/>
        <line num="136" count="0" type="stmt"/>
        <line num="140" count="0" type="stmt"/>
        <line num="147" count="0" type="stmt"/>
        <line num="148" count="0" type="stmt"/>
        <line num="149" count="0" type="stmt"/>
        <line num="151" count="0" type="stmt"/>
        <line num="152" count="0" type="stmt"/>
        <line num="154" count="0" type="stmt"/>
        <line num="155" count="0" type="stmt"/>
        <line num="157" count="0" type="stmt"/>
        <line num="158" count="0" type="stmt"/>
        <line num="160" count="0" type="stmt"/>
        <line num="169" count="0" type="stmt"/>
        <line num="170" count="0" type="stmt"/>
        <line num="171" count="0" type="stmt"/>
        <line num="172" count="0" type="stmt"/>
        <line num="173" count="0" type="stmt"/>
        <line num="179" count="0" type="stmt"/>
        <line num="187" count="0" type="stmt"/>
        <line num="195" count="0" type="stmt"/>
        <line num="203" count="0" type="stmt"/>
        <line num="211" count="0" type="stmt"/>
        <line num="222" count="0" type="cond" truecount="0" falsecount="2"/>
        <line num="223" count="0" type="stmt"/>
        <line num="227" count="0" type="stmt"/>
        <line num="233" count="0" type="stmt"/>
      </file>
    </package>
    <package name="components.Logos">
      <metrics statements="100" coveredstatements="80" conditionals="0" coveredconditionals="0" methods="20" coveredmethods="0"/>
      <file name="Car.jsx" path="/Users/Taivnaa/Desktop/hack-reactor/FEC/Local-Review/client/components/Logos/Car.jsx">
        <metrics statements="5" coveredstatements="4" conditionals="0" coveredconditionals="0" methods="1" coveredmethods="0"/>
        <line num="4" count="3" type="stmt"/>
        <line num="9" count="3" type="stmt"/>
        <line num="14" count="3" type="stmt"/>
        <line num="18" count="3" type="stmt"/>
        <line num="19" count="0" type="stmt"/>
      </file>
      <file name="Cart.jsx" path="/Users/Taivnaa/Desktop/hack-reactor/FEC/Local-Review/client/components/Logos/Cart.jsx">
        <metrics statements="5" coveredstatements="4" conditionals="0" coveredconditionals="0" methods="1" coveredmethods="0"/>
        <line num="4" count="3" type="stmt"/>
        <line num="9" count="3" type="stmt"/>
        <line num="14" count="3" type="stmt"/>
        <line num="18" count="3" type="stmt"/>
        <line num="19" count="0" type="stmt"/>
      </file>
      <file name="CloseButton.jsx" path="/Users/Taivnaa/Desktop/hack-reactor/FEC/Local-Review/client/components/Logos/CloseButton.jsx">
        <metrics statements="5" coveredstatements="4" conditionals="0" coveredconditionals="0" methods="1" coveredmethods="0"/>
        <line num="4" count="1" type="stmt"/>
        <line num="13" count="1" type="stmt"/>
        <line num="18" count="1" type="stmt"/>
        <line num="22" count="1" type="stmt"/>
        <line num="23" count="0" type="stmt"/>
      </file>
      <file name="Dog.jsx" path="/Users/Taivnaa/Desktop/hack-reactor/FEC/Local-Review/client/components/Logos/Dog.jsx">
        <metrics statements="5" coveredstatements="4" conditionals="0" coveredconditionals="0" methods="1" coveredmethods="0"/>
        <line num="4" count="3" type="stmt"/>
        <line num="9" count="3" type="stmt"/>
        <line num="14" count="3" type="stmt"/>
        <line num="18" count="3" type="stmt"/>
        <line num="19" count="0" type="stmt"/>
      </file>
      <file name="Events.jsx" path="/Users/Taivnaa/Desktop/hack-reactor/FEC/Local-Review/client/components/Logos/Events.jsx">
        <metrics statements="5" coveredstatements="4" conditionals="0" coveredconditionals="0" methods="1" coveredmethods="0"/>
        <line num="4" count="3" type="stmt"/>
        <line num="9" count="3" type="stmt"/>
        <line num="14" count="3" type="stmt"/>
        <line num="18" count="3" type="stmt"/>
        <line num="19" count="0" type="stmt"/>
      </file>
      <file name="Holiday.jsx" path="/Users/Taivnaa/Desktop/hack-reactor/FEC/Local-Review/client/components/Logos/Holiday.jsx">
        <metrics statements="5" coveredstatements="4" conditionals="0" coveredconditionals="0" methods="1" coveredmethods="0"/>
        <line num="4" count="3" type="stmt"/>
        <line num="9" count="3" type="stmt"/>
        <line num="14" count="3" type="stmt"/>
        <line num="18" count="3" type="stmt"/>
        <line num="19" count="0" type="stmt"/>
      </file>
      <file name="HourGlass.jsx" path="/Users/Taivnaa/Desktop/hack-reactor/FEC/Local-Review/client/components/Logos/HourGlass.jsx">
        <metrics statements="5" coveredstatements="4" conditionals="0" coveredconditionals="0" methods="1" coveredmethods="0"/>
        <line num="4" count="3" type="stmt"/>
        <line num="9" count="3" type="stmt"/>
        <line num="14" count="3" type="stmt"/>
        <line num="18" count="3" type="stmt"/>
        <line num="19" count="0" type="stmt"/>
      </file>
      <file name="Like.jsx" path="/Users/Taivnaa/Desktop/hack-reactor/FEC/Local-Review/client/components/Logos/Like.jsx">
        <metrics statements="5" coveredstatements="4" conditionals="0" coveredconditionals="0" methods="1" coveredmethods="0"/>
        <line num="4" count="3" type="stmt"/>
        <line num="9" count="3" type="stmt"/>
        <line num="14" count="3" type="stmt"/>
        <line num="18" count="3" type="stmt"/>
        <line num="19" count="0" type="stmt"/>
      </file>
      <file name="ModalClose.jsx" path="/Users/Taivnaa/Desktop/hack-reactor/FEC/Local-Review/client/components/Logos/ModalClose.jsx">
        <metrics statements="5" coveredstatements="4" conditionals="0" coveredconditionals="0" methods="1" coveredmethods="0"/>
        <line num="4" count="1" type="stmt"/>
        <line num="10" count="1" type="stmt"/>
        <line num="15" count="1" type="stmt"/>
        <line num="19" count="1" type="stmt"/>
        <line num="20" count="0" type="stmt"/>
      </file>
      <file name="Moon.jsx" path="/Users/Taivnaa/Desktop/hack-reactor/FEC/Local-Review/client/components/Logos/Moon.jsx">
        <metrics statements="5" coveredstatements="4" conditionals="0" coveredconditionals="0" methods="1" coveredmethods="0"/>
        <line num="4" count="3" type="stmt"/>
        <line num="9" count="3" type="stmt"/>
        <line num="14" count="3" type="stmt"/>
        <line num="18" count="3" type="stmt"/>
        <line num="19" count="0" type="stmt"/>
      </file>
      <file name="Neighbors.jsx" path="/Users/Taivnaa/Desktop/hack-reactor/FEC/Local-Review/client/components/Logos/Neighbors.jsx">
        <metrics statements="5" coveredstatements="4" conditionals="0" coveredconditionals="0" methods="1" coveredmethods="0"/>
        <line num="4" count="3" type="stmt"/>
        <line num="9" count="3" type="stmt"/>
        <line num="14" count="3" type="stmt"/>
        <line num="18" count="3" type="stmt"/>
        <line num="19" count="0" type="stmt"/>
      </file>
      <file name="Parking.jsx" path="/Users/Taivnaa/Desktop/hack-reactor/FEC/Local-Review/client/components/Logos/Parking.jsx">
        <metrics statements="5" coveredstatements="4" conditionals="0" coveredconditionals="0" methods="1" coveredmethods="0"/>
        <line num="4" count="3" type="stmt"/>
        <line num="9" count="3" type="stmt"/>
        <line num="14" count="3" type="stmt"/>
        <line num="18" count="3" type="stmt"/>
        <line num="19" count="0" type="stmt"/>
      </file>
      <file name="Play.jsx" path="/Users/Taivnaa/Desktop/hack-reactor/FEC/Local-Review/client/components/Logos/Play.jsx">
        <metrics statements="5" coveredstatements="4" conditionals="0" coveredconditionals="0" methods="1" coveredmethods="0"/>
        <line num="4" count="3" type="stmt"/>
        <line num="9" count="3" type="stmt"/>
        <line num="14" count="3" type="stmt"/>
        <line num="18" count="3" type="stmt"/>
        <line num="19" count="0" type="stmt"/>
      </file>
      <file name="Quiet.jsx" path="/Users/Taivnaa/Desktop/hack-reactor/FEC/Local-Review/client/components/Logos/Quiet.jsx">
        <metrics statements="5" coveredstatements="4" conditionals="0" coveredconditionals="0" methods="1" coveredmethods="0"/>
        <line num="4" count="3" type="stmt"/>
        <line num="9" count="3" type="stmt"/>
        <line num="14" count="3" type="stmt"/>
        <line num="18" count="3" type="stmt"/>
        <line num="19" count="0" type="stmt"/>
      </file>
      <file name="Restaurant.jsx" path="/Users/Taivnaa/Desktop/hack-reactor/FEC/Local-Review/client/components/Logos/Restaurant.jsx">
        <metrics statements="5" coveredstatements="4" conditionals="0" coveredconditionals="0" methods="1" coveredmethods="0"/>
        <line num="4" count="3" type="stmt"/>
        <line num="9" count="3" type="stmt"/>
        <line num="14" count="3" type="stmt"/>
        <line num="18" count="3" type="stmt"/>
        <line num="19" count="0" type="stmt"/>
      </file>
      <file name="SideWalk.jsx" path="/Users/Taivnaa/Desktop/hack-reactor/FEC/Local-Review/client/components/Logos/SideWalk.jsx">
        <metrics statements="5" coveredstatements="4" conditionals="0" coveredconditionals="0" methods="1" coveredmethods="0"/>
        <line num="4" count="3" type="stmt"/>
        <line num="9" count="3" type="stmt"/>
        <line num="14" count="3" type="stmt"/>
        <line num="18" count="3" type="stmt"/>
        <line num="19" count="0" type="stmt"/>
      </file>
      <file name="Smily.jsx" path="/Users/Taivnaa/Desktop/hack-reactor/FEC/Local-Review/client/components/Logos/Smily.jsx">
        <metrics statements="5" coveredstatements="4" conditionals="0" coveredconditionals="0" methods="1" coveredmethods="0"/>
        <line num="4" count="1" type="stmt"/>
        <line num="9" count="1" type="stmt"/>
        <line num="14" count="1" type="stmt"/>
        <line num="18" count="1" type="stmt"/>
        <line num="19" count="0" type="stmt"/>
      </file>
      <file name="StreetLight.jsx" path="/Users/Taivnaa/Desktop/hack-reactor/FEC/Local-Review/client/components/Logos/StreetLight.jsx">
        <metrics statements="5" coveredstatements="4" conditionals="0" coveredconditionals="0" methods="1" coveredmethods="0"/>
        <line num="4" count="3" type="stmt"/>
        <line num="9" count="3" type="stmt"/>
        <line num="14" count="3" type="stmt"/>
        <line num="18" count="3" type="stmt"/>
        <line num="19" count="0" type="stmt"/>
      </file>
      <file name="WildLife.jsx" path="/Users/Taivnaa/Desktop/hack-reactor/FEC/Local-Review/client/components/Logos/WildLife.jsx">
        <metrics statements="5" coveredstatements="4" conditionals="0" coveredconditionals="0" methods="1" coveredmethods="0"/>
        <line num="4" count="3" type="stmt"/>
        <line num="9" count="3" type="stmt"/>
        <line num="14" count="3" type="stmt"/>
        <line num="18" count="3" type="stmt"/>
        <line num="19" count="0" type="stmt"/>
      </file>
      <file name="Yard.jsx" path="/Users/Taivnaa/Desktop/hack-reactor/FEC/Local-Review/client/components/Logos/Yard.jsx">
        <metrics statements="5" coveredstatements="4" conditionals="0" coveredconditionals="0" methods="1" coveredmethods="0"/>
        <line num="4" count="3" type="stmt"/>
        <line num="9" count="3" type="stmt"/>
        <line num="14" count="3" type="stmt"/>
        <line num="18" count="3" type="stmt"/>
        <line num="19" count="0" type="stmt"/>
      </file>
    </package>
    <package name="components.UI">
      <metrics statements="6" coveredstatements="4" conditionals="0" coveredconditionals="0" methods="2" coveredmethods="0"/>
      <file name="BackDrop.jsx" path="/Users/Taivnaa/Desktop/hack-reactor/FEC/Local-Review/client/components/UI/BackDrop.jsx">
        <metrics statements="6" coveredstatements="4" conditionals="0" coveredconditionals="0" methods="2" coveredmethods="0"/>
        <line num="4" count="1" type="stmt"/>
        <line num="16" count="1" type="stmt"/>
        <line num="17" count="0" type="stmt"/>
        <line num="21" count="1" type="stmt"/>
        <line num="32" count="1" type="stmt"/>
        <line num="33" count="0" type="stmt"/>
      </file>
    </package>
    <package name="components.UI.Modal">
      <metrics statements="55" coveredstatements="12" conditionals="14" coveredconditionals="0" methods="28" coveredmethods="0"/>
      <file name="AllReviewModal.jsx" path="/Users/Taivnaa/Desktop/hack-reactor/FEC/Local-Review/client/components/UI/Modal/AllReviewModal.jsx">
        <metrics statements="32" coveredstatements="5" conditionals="10" coveredconditionals="0" methods="20" coveredmethods="0"/>
        <line num="7" count="1" type="stmt"/>
        <line num="77" count="1" type="stmt"/>
        <line num="89" count="1" type="stmt"/>
        <line num="90" count="0" type="stmt"/>
        <line num="93" count="1" type="stmt"/>
        <line num="104" count="1" type="stmt"/>
        <line num="105" count="0" type="stmt"/>
        <line num="115" count="0" type="stmt"/>
        <line num="116" count="0" type="stmt"/>
        <line num="120" count="0" type="stmt"/>
        <line num="123" count="0" type="stmt"/>
        <line num="128" count="0" type="stmt"/>
        <line num="129" count="0" type="stmt"/>
        <line num="130" count="0" type="stmt"/>
        <line num="132" count="0" type="stmt"/>
        <line num="133" count="0" type="stmt"/>
        <line num="135" count="0" type="stmt"/>
        <line num="136" count="0" type="stmt"/>
        <line num="138" count="0" type="stmt"/>
        <line num="139" count="0" type="stmt"/>
        <line num="141" count="0" type="stmt"/>
        <line num="146" count="0" type="stmt"/>
        <line num="147" count="0" type="stmt"/>
        <line num="148" count="0" type="stmt"/>
        <line num="149" count="0" type="stmt"/>
        <line num="150" count="0" type="stmt"/>
        <line num="151" count="0" type="stmt"/>
        <line num="157" count="0" type="stmt"/>
        <line num="165" count="0" type="stmt"/>
        <line num="173" count="0" type="stmt"/>
        <line num="181" count="0" type="stmt"/>
        <line num="189" count="0" type="stmt"/>
      </file>
      <file name="FlagModal.jsx" path="/Users/Taivnaa/Desktop/hack-reactor/FEC/Local-Review/client/components/UI/Modal/FlagModal.jsx">
        <metrics statements="10" coveredstatements="6" conditionals="0" coveredconditionals="0" methods="4" coveredmethods="0"/>
        <line num="6" count="1" type="stmt"/>
        <line num="66" count="1" type="stmt"/>
        <line num="78" count="1" type="stmt"/>
        <line num="79" count="0" type="stmt"/>
        <line num="82" count="1" type="stmt"/>
        <line num="93" count="1" type="stmt"/>
        <line num="94" count="0" type="stmt"/>
        <line num="102" count="1" type="stmt"/>
        <line num="103" count="0" type="stmt"/>
        <line num="107" count="0" type="stmt"/>
      </file>
      <file name="SingleReviewModal.jsx" path="/Users/Taivnaa/Desktop/hack-reactor/FEC/Local-Review/client/components/UI/Modal/SingleReviewModal.jsx">
        <metrics statements="13" coveredstatements="1" conditionals="4" coveredconditionals="0" methods="4" coveredmethods="0"/>
        <line num="8" count="1" type="stmt"/>
        <line num="14" count="0" type="stmt"/>
        <line num="75" count="0" type="stmt"/>
        <line num="76" count="0" type="stmt"/>
        <line num="80" count="0" type="stmt"/>
        <line num="83" count="0" type="stmt"/>
        <line num="84" count="0" type="cond" truecount="0" falsecount="2"/>
        <line num="85" count="0" type="stmt"/>
        <line num="86" count="0" type="stmt"/>
        <line num="91" count="0" type="stmt"/>
        <line num="92" count="0" type="stmt"/>
        <line num="99" count="0" type="stmt"/>
        <line num="100" count="0" type="stmt"/>
      </file>
    </package>
  </project>
</coverage>
