{"/Users/Taivnaa/Desktop/hack-reactor/FEC/Local-Review/client/components/App.jsx": {"path":"/Users/Taivnaa/Desktop/hack-reactor/FEC/Local-Review/client/components/App.jsx","statementMap":{"0":{"start":{"line":7,"column":18},"end":{"line":47,"column":1}},"1":{"start":{"line":49,"column":22},"end":{"line":54,"column":1}},"2":{"start":{"line":58,"column":4},"end":{"line":58,"column":17}},"3":{"start":{"line":59,"column":4},"end":{"line":62,"column":5}},"4":{"start":{"line":63,"column":4},"end":{"line":63,"column":49}},"5":{"start":{"line":64,"column":4},"end":{"line":64,"column":51}},"6":{"start":{"line":67,"column":4},"end":{"line":73,"column":49}},"7":{"start":{"line":69,"column":8},"end":{"line":71,"column":10}},"8":{"start":{"line":73,"column":20},"end":{"line":73,"column":47}},"9":{"start":{"line":76,"column":4},"end":{"line":82,"column":49}},"10":{"start":{"line":78,"column":8},"end":{"line":80,"column":10}},"11":{"start":{"line":82,"column":20},"end":{"line":82,"column":47}},"12":{"start":{"line":85,"column":4},"end":{"line":85,"column":22}},"13":{"start":{"line":86,"column":4},"end":{"line":86,"column":23}},"14":{"start":{"line":89,"column":4},"end":{"line":101,"column":5}}},"fnMap":{"0":{"name":"(anonymous_0)","decl":{"start":{"line":57,"column":2},"end":{"line":57,"column":3}},"loc":{"start":{"line":57,"column":21},"end":{"line":65,"column":3}},"line":57},"1":{"name":"(anonymous_1)","decl":{"start":{"line":66,"column":2},"end":{"line":66,"column":3}},"loc":{"start":{"line":66,"column":15},"end":{"line":74,"column":3}},"line":66},"2":{"name":"(anonymous_2)","decl":{"start":{"line":68,"column":12},"end":{"line":68,"column":13}},"loc":{"start":{"line":68,"column":35},"end":{"line":72,"column":7}},"line":68},"3":{"name":"(anonymous_3)","decl":{"start":{"line":73,"column":13},"end":{"line":73,"column":14}},"loc":{"start":{"line":73,"column":20},"end":{"line":73,"column":47}},"line":73},"4":{"name":"(anonymous_4)","decl":{"start":{"line":75,"column":2},"end":{"line":75,"column":3}},"loc":{"start":{"line":75,"column":16},"end":{"line":83,"column":3}},"line":75},"5":{"name":"(anonymous_5)","decl":{"start":{"line":77,"column":12},"end":{"line":77,"column":13}},"loc":{"start":{"line":77,"column":36},"end":{"line":81,"column":7}},"line":77},"6":{"name":"(anonymous_6)","decl":{"start":{"line":82,"column":13},"end":{"line":82,"column":14}},"loc":{"start":{"line":82,"column":20},"end":{"line":82,"column":47}},"line":82},"7":{"name":"(anonymous_7)","decl":{"start":{"line":84,"column":2},"end":{"line":84,"column":3}},"loc":{"start":{"line":84,"column":22},"end":{"line":87,"column":3}},"line":84},"8":{"name":"(anonymous_8)","decl":{"start":{"line":88,"column":2},"end":{"line":88,"column":3}},"loc":{"start":{"line":88,"column":11},"end":{"line":102,"column":3}},"line":88}},"branchMap":{},"s":{"0":1,"1":1,"2":3,"3":3,"4":3,"5":3,"6":3,"7":0,"8":0,"9":3,"10":0,"11":0,"12":3,"13":3,"14":3},"f":{"0":3,"1":3,"2":0,"3":0,"4":3,"5":0,"6":0,"7":3,"8":3},"b":{},"_coverageSchema":"1a1c01bbd47fc00a2c39e90264f33305004495a9","hash":"2b11652509692850660b4dcdbc82b8a3513e726e"}
,"/Users/Taivnaa/Desktop/hack-reactor/FEC/Local-Review/client/components/FeatureItem.jsx": {"path":"/Users/Taivnaa/Desktop/hack-reactor/FEC/Local-Review/client/components/FeatureItem.jsx","statementMap":{"0":{"start":{"line":22,"column":19},"end":{"line":63,"column":1}},"1":{"start":{"line":65,"column":20},"end":{"line":109,"column":1}},"2":{"start":{"line":66,"column":27},"end":{"line":69,"column":3}},"3":{"start":{"line":67,"column":18},"end":{"line":67,"column":21}},"4":{"start":{"line":68,"column":4},"end":{"line":68,"column":43}},"5":{"start":{"line":70,"column":16},"end":{"line":90,"column":3}},"6":{"start":{"line":71,"column":4},"end":{"line":89,"column":5}},"7":{"start":{"line":72,"column":6},"end":{"line":72,"column":38}},"8":{"start":{"line":72,"column":23},"end":{"line":72,"column":38}},"9":{"start":{"line":73,"column":6},"end":{"line":73,"column":47}},"10":{"start":{"line":73,"column":23},"end":{"line":73,"column":47}},"11":{"start":{"line":74,"column":6},"end":{"line":74,"column":45}},"12":{"start":{"line":74,"column":23},"end":{"line":74,"column":45}},"13":{"start":{"line":75,"column":6},"end":{"line":75,"column":39}},"14":{"start":{"line":75,"column":23},"end":{"line":75,"column":39}},"15":{"start":{"line":76,"column":6},"end":{"line":76,"column":39}},"16":{"start":{"line":76,"column":23},"end":{"line":76,"column":39}},"17":{"start":{"line":77,"column":6},"end":{"line":77,"column":46}},"18":{"start":{"line":77,"column":23},"end":{"line":77,"column":46}},"19":{"start":{"line":79,"column":6},"end":{"line":79,"column":39}},"20":{"start":{"line":79,"column":23},"end":{"line":79,"column":39}},"21":{"start":{"line":80,"column":6},"end":{"line":80,"column":42}},"22":{"start":{"line":80,"column":23},"end":{"line":80,"column":42}},"23":{"start":{"line":81,"column":6},"end":{"line":81,"column":44}},"24":{"start":{"line":81,"column":23},"end":{"line":81,"column":44}},"25":{"start":{"line":82,"column":6},"end":{"line":82,"column":40}},"26":{"start":{"line":82,"column":23},"end":{"line":82,"column":40}},"27":{"start":{"line":83,"column":6},"end":{"line":83,"column":44}},"28":{"start":{"line":83,"column":23},"end":{"line":83,"column":44}},"29":{"start":{"line":84,"column":6},"end":{"line":84,"column":42}},"30":{"start":{"line":84,"column":23},"end":{"line":84,"column":42}},"31":{"start":{"line":85,"column":6},"end":{"line":85,"column":38}},"32":{"start":{"line":85,"column":23},"end":{"line":85,"column":38}},"33":{"start":{"line":86,"column":6},"end":{"line":86,"column":43}},"34":{"start":{"line":86,"column":23},"end":{"line":86,"column":43}},"35":{"start":{"line":87,"column":6},"end":{"line":87,"column":39}},"36":{"start":{"line":87,"column":23},"end":{"line":87,"column":39}},"37":{"start":{"line":88,"column":6},"end":{"line":88,"column":41}},"38":{"start":{"line":88,"column":23},"end":{"line":88,"column":41}},"39":{"start":{"line":91,"column":2},"end":{"line":108,"column":4}},"40":{"start":{"line":96,"column":12},"end":{"line":104,"column":13}}},"fnMap":{"0":{"name":"(anonymous_0)","decl":{"start":{"line":65,"column":20},"end":{"line":65,"column":21}},"loc":{"start":{"line":65,"column":31},"end":{"line":109,"column":1}},"line":65},"1":{"name":"(anonymous_1)","decl":{"start":{"line":66,"column":27},"end":{"line":66,"column":28}},"loc":{"start":{"line":66,"column":36},"end":{"line":69,"column":3}},"line":66},"2":{"name":"(anonymous_2)","decl":{"start":{"line":70,"column":16},"end":{"line":70,"column":17}},"loc":{"start":{"line":70,"column":40},"end":{"line":90,"column":3}},"line":70},"3":{"name":"(anonymous_3)","decl":{"start":{"line":95,"column":26},"end":{"line":95,"column":27}},"loc":{"start":{"line":95,"column":39},"end":{"line":105,"column":11}},"line":95}},"branchMap":{"0":{"loc":{"start":{"line":71,"column":4},"end":{"line":89,"column":5}},"type":"if","locations":[{"start":{"line":71,"column":4},"end":{"line":89,"column":5}},{"start":{"line":71,"column":4},"end":{"line":89,"column":5}}],"line":71},"1":{"loc":{"start":{"line":72,"column":6},"end":{"line":72,"column":38}},"type":"if","locations":[{"start":{"line":72,"column":6},"end":{"line":72,"column":38}},{"start":{"line":72,"column":6},"end":{"line":72,"column":38}}],"line":72},"2":{"loc":{"start":{"line":73,"column":6},"end":{"line":73,"column":47}},"type":"if","locations":[{"start":{"line":73,"column":6},"end":{"line":73,"column":47}},{"start":{"line":73,"column":6},"end":{"line":73,"column":47}}],"line":73},"3":{"loc":{"start":{"line":74,"column":6},"end":{"line":74,"column":45}},"type":"if","locations":[{"start":{"line":74,"column":6},"end":{"line":74,"column":45}},{"start":{"line":74,"column":6},"end":{"line":74,"column":45}}],"line":74},"4":{"loc":{"start":{"line":75,"column":6},"end":{"line":75,"column":39}},"type":"if","locations":[{"start":{"line":75,"column":6},"end":{"line":75,"column":39}},{"start":{"line":75,"column":6},"end":{"line":75,"column":39}}],"line":75},"5":{"loc":{"start":{"line":76,"column":6},"end":{"line":76,"column":39}},"type":"if","locations":[{"start":{"line":76,"column":6},"end":{"line":76,"column":39}},{"start":{"line":76,"column":6},"end":{"line":76,"column":39}}],"line":76},"6":{"loc":{"start":{"line":77,"column":6},"end":{"line":77,"column":46}},"type":"if","locations":[{"start":{"line":77,"column":6},"end":{"line":77,"column":46}},{"start":{"line":77,"column":6},"end":{"line":77,"column":46}}],"line":77},"7":{"loc":{"start":{"line":79,"column":6},"end":{"line":79,"column":39}},"type":"if","locations":[{"start":{"line":79,"column":6},"end":{"line":79,"column":39}},{"start":{"line":79,"column":6},"end":{"line":79,"column":39}}],"line":79},"8":{"loc":{"start":{"line":80,"column":6},"end":{"line":80,"column":42}},"type":"if","locations":[{"start":{"line":80,"column":6},"end":{"line":80,"column":42}},{"start":{"line":80,"column":6},"end":{"line":80,"column":42}}],"line":80},"9":{"loc":{"start":{"line":81,"column":6},"end":{"line":81,"column":44}},"type":"if","locations":[{"start":{"line":81,"column":6},"end":{"line":81,"column":44}},{"start":{"line":81,"column":6},"end":{"line":81,"column":44}}],"line":81},"10":{"loc":{"start":{"line":82,"column":6},"end":{"line":82,"column":40}},"type":"if","locations":[{"start":{"line":82,"column":6},"end":{"line":82,"column":40}},{"start":{"line":82,"column":6},"end":{"line":82,"column":40}}],"line":82},"11":{"loc":{"start":{"line":83,"column":6},"end":{"line":83,"column":44}},"type":"if","locations":[{"start":{"line":83,"column":6},"end":{"line":83,"column":44}},{"start":{"line":83,"column":6},"end":{"line":83,"column":44}}],"line":83},"12":{"loc":{"start":{"line":84,"column":6},"end":{"line":84,"column":42}},"type":"if","locations":[{"start":{"line":84,"column":6},"end":{"line":84,"column":42}},{"start":{"line":84,"column":6},"end":{"line":84,"column":42}}],"line":84},"13":{"loc":{"start":{"line":85,"column":6},"end":{"line":85,"column":38}},"type":"if","locations":[{"start":{"line":85,"column":6},"end":{"line":85,"column":38}},{"start":{"line":85,"column":6},"end":{"line":85,"column":38}}],"line":85},"14":{"loc":{"start":{"line":86,"column":6},"end":{"line":86,"column":43}},"type":"if","locations":[{"start":{"line":86,"column":6},"end":{"line":86,"column":43}},{"start":{"line":86,"column":6},"end":{"line":86,"column":43}}],"line":86},"15":{"loc":{"start":{"line":87,"column":6},"end":{"line":87,"column":39}},"type":"if","locations":[{"start":{"line":87,"column":6},"end":{"line":87,"column":39}},{"start":{"line":87,"column":6},"end":{"line":87,"column":39}}],"line":87},"16":{"loc":{"start":{"line":88,"column":6},"end":{"line":88,"column":41}},"type":"if","locations":[{"start":{"line":88,"column":6},"end":{"line":88,"column":41}},{"start":{"line":88,"column":6},"end":{"line":88,"column":41}}],"line":88},"17":{"loc":{"start":{"line":94,"column":8},"end":{"line":105,"column":19}},"type":"cond-expr","locations":[{"start":{"line":95,"column":10},"end":{"line":105,"column":12}},{"start":{"line":105,"column":15},"end":{"line":105,"column":19}}],"line":94}},"s":{"0":3,"1":3,"2":1,"3":0,"4":0,"5":1,"6":0,"7":0,"8":0,"9":0,"10":0,"11":0,"12":0,"13":0,"14":0,"15":0,"16":0,"17":0,"18":0,"19":0,"20":0,"21":0,"22":0,"23":0,"24":0,"25":0,"26":0,"27":0,"28":0,"29":0,"30":0,"31":0,"32":0,"33":0,"34":0,"35":0,"36":0,"37":0,"38":0,"39":1,"40":0},"f":{"0":1,"1":0,"2":0,"3":0},"b":{"0":[0,0],"1":[0,0],"2":[0,0],"3":[0,0],"4":[0,0],"5":[0,0],"6":[0,0],"7":[0,0],"8":[0,0],"9":[0,0],"10":[0,0],"11":[0,0],"12":[0,0],"13":[0,0],"14":[0,0],"15":[0,0],"16":[0,0],"17":[0,1]},"_coverageSchema":"1a1c01bbd47fc00a2c39e90264f33305004495a9","hash":"7f22cdc1958298f313cbca4868b5e48ba1bb772e"}
,"/Users/Taivnaa/Desktop/hack-reactor/FEC/Local-Review/client/components/Features.jsx": {"path":"/Users/Taivnaa/Desktop/hack-reactor/FEC/Local-Review/client/components/Features.jsx","statementMap":{"0":{"start":{"line":5,"column":23},"end":{"line":8,"column":1}},"1":{"start":{"line":10,"column":21},"end":{"line":35,"column":1}},"2":{"start":{"line":39,"column":4},"end":{"line":39,"column":17}},"3":{"start":{"line":40,"column":4},"end":{"line":42,"column":6}},"4":{"start":{"line":43,"column":4},"end":{"line":43,"column":55}},"5":{"start":{"line":47,"column":4},"end":{"line":49,"column":6}},"6":{"start":{"line":52,"column":18},"end":{"line":52,"column":20}},"7":{"start":{"line":53,"column":21},"end":{"line":53,"column":23}},"8":{"start":{"line":54,"column":4},"end":{"line":59,"column":5}},"9":{"start":{"line":55,"column":6},"end":{"line":55,"column":48}},"10":{"start":{"line":56,"column":6},"end":{"line":56,"column":48}},"11":{"start":{"line":57,"column":6},"end":{"line":57,"column":40}},"12":{"start":{"line":58,"column":6},"end":{"line":58,"column":46}},"13":{"start":{"line":60,"column":4},"end":{"line":68,"column":5}}},"fnMap":{"0":{"name":"(anonymous_0)","decl":{"start":{"line":38,"column":2},"end":{"line":38,"column":3}},"loc":{"start":{"line":38,"column":21},"end":{"line":44,"column":3}},"line":38},"1":{"name":"(anonymous_1)","decl":{"start":{"line":46,"column":2},"end":{"line":46,"column":3}},"loc":{"start":{"line":46,"column":18},"end":{"line":50,"column":3}},"line":46},"2":{"name":"(anonymous_2)","decl":{"start":{"line":51,"column":2},"end":{"line":51,"column":3}},"loc":{"start":{"line":51,"column":11},"end":{"line":69,"column":3}},"line":51}},"branchMap":{"0":{"loc":{"start":{"line":54,"column":4},"end":{"line":59,"column":5}},"type":"if","locations":[{"start":{"line":54,"column":4},"end":{"line":59,"column":5}},{"start":{"line":54,"column":4},"end":{"line":59,"column":5}}],"line":54},"1":{"loc":{"start":{"line":64,"column":11},"end":{"line":64,"column":73}},"type":"cond-expr","locations":[{"start":{"line":64,"column":32},"end":{"line":64,"column":66}},{"start":{"line":64,"column":69},"end":{"line":64,"column":73}}],"line":64},"2":{"loc":{"start":{"line":66,"column":52},"end":{"line":66,"column":95}},"type":"cond-expr","locations":[{"start":{"line":66,"column":73},"end":{"line":66,"column":83}},{"start":{"line":66,"column":86},"end":{"line":66,"column":95}}],"line":66}},"s":{"0":2,"1":2,"2":3,"3":3,"4":3,"5":0,"6":3,"7":3,"8":3,"9":0,"10":0,"11":0,"12":0,"13":3},"f":{"0":3,"1":0,"2":3},"b":{"0":[0,3],"1":[0,3],"2":[0,3]},"_coverageSchema":"1a1c01bbd47fc00a2c39e90264f33305004495a9","hash":"6060a90e7d9735f2f5a885e2dc1313eb62e385c9"}
,"/Users/Taivnaa/Desktop/hack-reactor/FEC/Local-Review/client/components/NextButton.jsx": {"path":"/Users/Taivnaa/Desktop/hack-reactor/FEC/Local-Review/client/components/NextButton.jsx","statementMap":{"0":{"start":{"line":4,"column":21},"end":{"line":35,"column":1}},"1":{"start":{"line":37,"column":18},"end":{"line":40,"column":1}},"2":{"start":{"line":42,"column":22},"end":{"line":44,"column":1}},"3":{"start":{"line":46,"column":19},"end":{"line":53,"column":1}},"4":{"start":{"line":47,"column":2},"end":{"line":52,"column":17}}},"fnMap":{"0":{"name":"(anonymous_0)","decl":{"start":{"line":46,"column":19},"end":{"line":46,"column":20}},"loc":{"start":{"line":47,"column":2},"end":{"line":52,"column":17}},"line":47}},"branchMap":{"0":{"loc":{"start":{"line":48,"column":5},"end":{"line":51,"column":18}},"type":"cond-expr","locations":[{"start":{"line":48,"column":19},"end":{"line":49,"column":10}},{"start":{"line":49,"column":13},"end":{"line":51,"column":18}}],"line":48}},"s":{"0":1,"1":1,"2":1,"3":1,"4":0},"f":{"0":0},"b":{"0":[0,0]},"_coverageSchema":"1a1c01bbd47fc00a2c39e90264f33305004495a9","hash":"03eea986f76a56f4061efdba9a920dcd3c21c72f"}
,"/Users/Taivnaa/Desktop/hack-reactor/FEC/Local-Review/client/components/PrevButton.jsx": {"path":"/Users/Taivnaa/Desktop/hack-reactor/FEC/Local-Review/client/components/PrevButton.jsx","statementMap":{"0":{"start":{"line":4,"column":21},"end":{"line":27,"column":1}},"1":{"start":{"line":29,"column":18},"end":{"line":32,"column":1}},"2":{"start":{"line":34,"column":22},"end":{"line":36,"column":1}},"3":{"start":{"line":38,"column":19},"end":{"line":44,"column":1}},"4":{"start":{"line":39,"column":2},"end":{"line":43,"column":17}}},"fnMap":{"0":{"name":"(anonymous_0)","decl":{"start":{"line":38,"column":19},"end":{"line":38,"column":20}},"loc":{"start":{"line":39,"column":2},"end":{"line":43,"column":17}},"line":39}},"branchMap":{},"s":{"0":1,"1":1,"2":1,"3":1,"4":0},"f":{"0":0},"b":{},"_coverageSchema":"1a1c01bbd47fc00a2c39e90264f33305004495a9","hash":"ae9f82ce5003e6a6320835d2bca7d3ff1b9216eb"}
,"/Users/Taivnaa/Desktop/hack-reactor/FEC/Local-Review/client/components/ReviewItem.jsx": {"path":"/Users/Taivnaa/Desktop/hack-reactor/FEC/Local-Review/client/components/ReviewItem.jsx","statementMap":{"0":{"start":{"line":6,"column":21},"end":{"line":69,"column":1}},"1":{"start":{"line":7,"column":20},"end":{"line":7,"column":57}},"2":{"start":{"line":13,"column":31},"end":{"line":13,"column":42}},"3":{"start":{"line":73,"column":4},"end":{"line":73,"column":17}},"4":{"start":{"line":74,"column":4},"end":{"line":78,"column":5}},"5":{"start":{"line":79,"column":4},"end":{"line":79,"column":65}},"6":{"start":{"line":82,"column":16},"end":{"line":82,"column":32}},"7":{"start":{"line":83,"column":4},"end":{"line":95,"column":5}},"8":{"start":{"line":84,"column":6},"end":{"line":84,"column":14}},"9":{"start":{"line":85,"column":6},"end":{"line":88,"column":8}},"10":{"start":{"line":90,"column":6},"end":{"line":90,"column":14}},"11":{"start":{"line":91,"column":6},"end":{"line":94,"column":8}},"12":{"start":{"line":98,"column":17},"end":{"line":98,"column":41}},"13":{"start":{"line":99,"column":15},"end":{"line":99,"column":36}},"14":{"start":{"line":100,"column":4},"end":{"line":116,"column":5}},"15":{"start":{"line":102,"column":48},"end":{"line":102,"column":71}},"16":{"start":{"line":110,"column":52},"end":{"line":110,"column":75}}},"fnMap":{"0":{"name":"(anonymous_0)","decl":{"start":{"line":7,"column":11},"end":{"line":7,"column":12}},"loc":{"start":{"line":7,"column":20},"end":{"line":7,"column":57}},"line":7},"1":{"name":"(anonymous_1)","decl":{"start":{"line":13,"column":22},"end":{"line":13,"column":23}},"loc":{"start":{"line":13,"column":31},"end":{"line":13,"column":42}},"line":13},"2":{"name":"(anonymous_2)","decl":{"start":{"line":72,"column":2},"end":{"line":72,"column":3}},"loc":{"start":{"line":72,"column":21},"end":{"line":80,"column":3}},"line":72},"3":{"name":"(anonymous_3)","decl":{"start":{"line":81,"column":2},"end":{"line":81,"column":3}},"loc":{"start":{"line":81,"column":23},"end":{"line":96,"column":3}},"line":81},"4":{"name":"(anonymous_4)","decl":{"start":{"line":97,"column":2},"end":{"line":97,"column":3}},"loc":{"start":{"line":97,"column":11},"end":{"line":117,"column":3}},"line":97},"5":{"name":"(anonymous_5)","decl":{"start":{"line":102,"column":42},"end":{"line":102,"column":43}},"loc":{"start":{"line":102,"column":48},"end":{"line":102,"column":71}},"line":102},"6":{"name":"(anonymous_6)","decl":{"start":{"line":110,"column":46},"end":{"line":110,"column":47}},"loc":{"start":{"line":110,"column":52},"end":{"line":110,"column":75}},"line":110}},"branchMap":{"0":{"loc":{"start":{"line":7,"column":20},"end":{"line":7,"column":57}},"type":"cond-expr","locations":[{"start":{"line":7,"column":34},"end":{"line":7,"column":45}},{"start":{"line":7,"column":48},"end":{"line":7,"column":57}}],"line":7},"1":{"loc":{"start":{"line":83,"column":4},"end":{"line":95,"column":5}},"type":"if","locations":[{"start":{"line":83,"column":4},"end":{"line":95,"column":5}},{"start":{"line":83,"column":4},"end":{"line":95,"column":5}}],"line":83},"2":{"loc":{"start":{"line":106,"column":39},"end":{"line":106,"column":99}},"type":"cond-expr","locations":[{"start":{"line":106,"column":77},"end":{"line":106,"column":87}},{"start":{"line":106,"column":90},"end":{"line":106,"column":99}}],"line":106}},"s":{"0":1,"1":0,"2":0,"3":0,"4":0,"5":0,"6":0,"7":0,"8":0,"9":0,"10":0,"11":0,"12":0,"13":0,"14":0,"15":0,"16":0},"f":{"0":0,"1":0,"2":0,"3":0,"4":0,"5":0,"6":0},"b":{"0":[0,0],"1":[0,0],"2":[0,0]},"_coverageSchema":"1a1c01bbd47fc00a2c39e90264f33305004495a9","hash":"47863f330f9b2343cd8c94828c5791fb3bd89c74"}
,"/Users/Taivnaa/Desktop/hack-reactor/FEC/Local-Review/client/components/Reviews.jsx": {"path":"/Users/Taivnaa/Desktop/hack-reactor/FEC/Local-Review/client/components/Reviews.jsx","statementMap":{"0":{"start":{"line":11,"column":22},"end":{"line":96,"column":1}},"1":{"start":{"line":81,"column":26},"end":{"line":81,"column":68}},"2":{"start":{"line":100,"column":4},"end":{"line":100,"column":17}},"3":{"start":{"line":101,"column":4},"end":{"line":108,"column":6}},"4":{"start":{"line":109,"column":4},"end":{"line":109,"column":65}},"5":{"start":{"line":110,"column":4},"end":{"line":110,"column":57}},"6":{"start":{"line":111,"column":4},"end":{"line":111,"column":57}},"7":{"start":{"line":112,"column":4},"end":{"line":112,"column":45}},"8":{"start":{"line":115,"column":4},"end":{"line":117,"column":6}},"9":{"start":{"line":120,"column":4},"end":{"line":124,"column":6}},"10":{"start":{"line":127,"column":4},"end":{"line":137,"column":8}},"11":{"start":{"line":129,"column":8},"end":{"line":132,"column":10}},"12":{"start":{"line":133,"column":8},"end":{"line":133,"column":48}},"13":{"start":{"line":136,"column":8},"end":{"line":136,"column":34}},"14":{"start":{"line":140,"column":4},"end":{"line":144,"column":6}},"15":{"start":{"line":147,"column":16},"end":{"line":147,"column":34}},"16":{"start":{"line":148,"column":22},"end":{"line":150,"column":6}},"17":{"start":{"line":149,"column":6},"end":{"line":149,"column":33}},"18":{"start":{"line":151,"column":22},"end":{"line":153,"column":6}},"19":{"start":{"line":152,"column":6},"end":{"line":152,"column":33}},"20":{"start":{"line":154,"column":20},"end":{"line":156,"column":6}},"21":{"start":{"line":155,"column":6},"end":{"line":155,"column":31}},"22":{"start":{"line":157,"column":20},"end":{"line":159,"column":6}},"23":{"start":{"line":158,"column":6},"end":{"line":158,"column":31}},"24":{"start":{"line":160,"column":4},"end":{"line":239,"column":5}},"25":{"start":{"line":169,"column":42},"end":{"line":169,"column":72}},"26":{"start":{"line":170,"column":42},"end":{"line":170,"column":78}},"27":{"start":{"line":171,"column":42},"end":{"line":171,"column":78}},"28":{"start":{"line":172,"column":42},"end":{"line":172,"column":76}},"29":{"start":{"line":173,"column":42},"end":{"line":173,"column":76}},"30":{"start":{"line":179,"column":18},"end":{"line":183,"column":19}},"31":{"start":{"line":187,"column":18},"end":{"line":191,"column":19}},"32":{"start":{"line":195,"column":18},"end":{"line":199,"column":19}},"33":{"start":{"line":203,"column":18},"end":{"line":207,"column":19}},"34":{"start":{"line":211,"column":18},"end":{"line":215,"column":19}},"35":{"start":{"line":222,"column":12},"end":{"line":230,"column":13}},"36":{"start":{"line":223,"column":14},"end":{"line":225,"column":16}},"37":{"start":{"line":227,"column":14},"end":{"line":229,"column":16}},"38":{"start":{"line":233,"column":12},"end":{"line":235,"column":14}}},"fnMap":{"0":{"name":"(anonymous_0)","decl":{"start":{"line":81,"column":17},"end":{"line":81,"column":18}},"loc":{"start":{"line":81,"column":26},"end":{"line":81,"column":68}},"line":81},"1":{"name":"(anonymous_1)","decl":{"start":{"line":99,"column":2},"end":{"line":99,"column":3}},"loc":{"start":{"line":99,"column":21},"end":{"line":113,"column":3}},"line":99},"2":{"name":"(anonymous_2)","decl":{"start":{"line":114,"column":2},"end":{"line":114,"column":3}},"loc":{"start":{"line":114,"column":27},"end":{"line":118,"column":3}},"line":114},"3":{"name":"(anonymous_3)","decl":{"start":{"line":119,"column":2},"end":{"line":119,"column":3}},"loc":{"start":{"line":119,"column":19},"end":{"line":125,"column":3}},"line":119},"4":{"name":"(anonymous_4)","decl":{"start":{"line":126,"column":2},"end":{"line":126,"column":3}},"loc":{"start":{"line":126,"column":21},"end":{"line":138,"column":3}},"line":126},"5":{"name":"(anonymous_5)","decl":{"start":{"line":128,"column":12},"end":{"line":128,"column":13}},"loc":{"start":{"line":128,"column":22},"end":{"line":134,"column":7}},"line":128},"6":{"name":"(anonymous_6)","decl":{"start":{"line":135,"column":13},"end":{"line":135,"column":14}},"loc":{"start":{"line":135,"column":20},"end":{"line":137,"column":7}},"line":135},"7":{"name":"(anonymous_7)","decl":{"start":{"line":139,"column":2},"end":{"line":139,"column":3}},"loc":{"start":{"line":139,"column":13},"end":{"line":145,"column":3}},"line":139},"8":{"name":"(anonymous_8)","decl":{"start":{"line":146,"column":2},"end":{"line":146,"column":3}},"loc":{"start":{"line":146,"column":11},"end":{"line":240,"column":3}},"line":146},"9":{"name":"(anonymous_9)","decl":{"start":{"line":148,"column":48},"end":{"line":148,"column":49}},"loc":{"start":{"line":149,"column":6},"end":{"line":149,"column":33}},"line":149},"10":{"name":"(anonymous_10)","decl":{"start":{"line":151,"column":48},"end":{"line":151,"column":49}},"loc":{"start":{"line":152,"column":6},"end":{"line":152,"column":33}},"line":152},"11":{"name":"(anonymous_11)","decl":{"start":{"line":154,"column":46},"end":{"line":154,"column":47}},"loc":{"start":{"line":155,"column":6},"end":{"line":155,"column":31}},"line":155},"12":{"name":"(anonymous_12)","decl":{"start":{"line":157,"column":46},"end":{"line":157,"column":47}},"loc":{"start":{"line":158,"column":6},"end":{"line":158,"column":31}},"line":158},"13":{"name":"(anonymous_13)","decl":{"start":{"line":169,"column":36},"end":{"line":169,"column":37}},"loc":{"start":{"line":169,"column":42},"end":{"line":169,"column":72}},"line":169},"14":{"name":"(anonymous_14)","decl":{"start":{"line":170,"column":36},"end":{"line":170,"column":37}},"loc":{"start":{"line":170,"column":42},"end":{"line":170,"column":78}},"line":170},"15":{"name":"(anonymous_15)","decl":{"start":{"line":171,"column":36},"end":{"line":171,"column":37}},"loc":{"start":{"line":171,"column":42},"end":{"line":171,"column":78}},"line":171},"16":{"name":"(anonymous_16)","decl":{"start":{"line":172,"column":36},"end":{"line":172,"column":37}},"loc":{"start":{"line":172,"column":42},"end":{"line":172,"column":76}},"line":172},"17":{"name":"(anonymous_17)","decl":{"start":{"line":173,"column":36},"end":{"line":173,"column":37}},"loc":{"start":{"line":173,"column":42},"end":{"line":173,"column":76}},"line":173},"18":{"name":"(anonymous_18)","decl":{"start":{"line":178,"column":53},"end":{"line":178,"column":54}},"loc":{"start":{"line":178,"column":68},"end":{"line":184,"column":17}},"line":178},"19":{"name":"(anonymous_19)","decl":{"start":{"line":186,"column":65},"end":{"line":186,"column":66}},"loc":{"start":{"line":186,"column":80},"end":{"line":192,"column":17}},"line":186},"20":{"name":"(anonymous_20)","decl":{"start":{"line":194,"column":65},"end":{"line":194,"column":66}},"loc":{"start":{"line":194,"column":80},"end":{"line":200,"column":17}},"line":194},"21":{"name":"(anonymous_21)","decl":{"start":{"line":202,"column":61},"end":{"line":202,"column":62}},"loc":{"start":{"line":202,"column":76},"end":{"line":208,"column":17}},"line":202},"22":{"name":"(anonymous_22)","decl":{"start":{"line":210,"column":61},"end":{"line":210,"column":62}},"loc":{"start":{"line":210,"column":76},"end":{"line":216,"column":17}},"line":210},"23":{"name":"(anonymous_23)","decl":{"start":{"line":221,"column":64},"end":{"line":221,"column":65}},"loc":{"start":{"line":221,"column":70},"end":{"line":231,"column":11}},"line":221},"24":{"name":"(anonymous_24)","decl":{"start":{"line":232,"column":49},"end":{"line":232,"column":50}},"loc":{"start":{"line":232,"column":55},"end":{"line":236,"column":11}},"line":232}},"branchMap":{"0":{"loc":{"start":{"line":81,"column":26},"end":{"line":81,"column":68}},"type":"cond-expr","locations":[{"start":{"line":81,"column":40},"end":{"line":81,"column":62}},{"start":{"line":81,"column":65},"end":{"line":81,"column":68}}],"line":81},"1":{"loc":{"start":{"line":163,"column":9},"end":{"line":163,"column":147}},"type":"cond-expr","locations":[{"start":{"line":163,"column":36},"end":{"line":163,"column":140}},{"start":{"line":163,"column":143},"end":{"line":163,"column":147}}],"line":163},"2":{"loc":{"start":{"line":164,"column":9},"end":{"line":164,"column":125}},"type":"cond-expr","locations":[{"start":{"line":164,"column":33},"end":{"line":164,"column":118}},{"start":{"line":164,"column":121},"end":{"line":164,"column":125}}],"line":164},"3":{"loc":{"start":{"line":165,"column":9},"end":{"line":165,"column":82}},"type":"cond-expr","locations":[{"start":{"line":165,"column":34},"end":{"line":165,"column":75}},{"start":{"line":165,"column":78},"end":{"line":165,"column":82}}],"line":165},"4":{"loc":{"start":{"line":178,"column":17},"end":{"line":184,"column":25}},"type":"cond-expr","locations":[{"start":{"line":178,"column":45},"end":{"line":184,"column":18}},{"start":{"line":184,"column":21},"end":{"line":184,"column":25}}],"line":178},"5":{"loc":{"start":{"line":186,"column":17},"end":{"line":192,"column":25}},"type":"cond-expr","locations":[{"start":{"line":186,"column":51},"end":{"line":192,"column":18}},{"start":{"line":192,"column":21},"end":{"line":192,"column":25}}],"line":186},"6":{"loc":{"start":{"line":194,"column":17},"end":{"line":200,"column":25}},"type":"cond-expr","locations":[{"start":{"line":194,"column":51},"end":{"line":200,"column":18}},{"start":{"line":200,"column":21},"end":{"line":200,"column":25}}],"line":194},"7":{"loc":{"start":{"line":202,"column":17},"end":{"line":208,"column":25}},"type":"cond-expr","locations":[{"start":{"line":202,"column":49},"end":{"line":208,"column":18}},{"start":{"line":208,"column":21},"end":{"line":208,"column":25}}],"line":202},"8":{"loc":{"start":{"line":210,"column":17},"end":{"line":216,"column":25}},"type":"cond-expr","locations":[{"start":{"line":210,"column":49},"end":{"line":216,"column":18}},{"start":{"line":216,"column":21},"end":{"line":216,"column":25}}],"line":210},"9":{"loc":{"start":{"line":222,"column":12},"end":{"line":230,"column":13}},"type":"if","locations":[{"start":{"line":222,"column":12},"end":{"line":230,"column":13}},{"start":{"line":222,"column":12},"end":{"line":230,"column":13}}],"line":222},"10":{"loc":{"start":{"line":232,"column":11},"end":{"line":236,"column":22}},"type":"cond-expr","locations":[{"start":{"line":232,"column":30},"end":{"line":236,"column":15}},{"start":{"line":236,"column":18},"end":{"line":236,"column":22}}],"line":232}},"s":{"0":1,"1":0,"2":0,"3":0,"4":0,"5":0,"6":0,"7":0,"8":0,"9":0,"10":0,"11":0,"12":0,"13":0,"14":0,"15":0,"16":0,"17":0,"18":0,"19":0,"20":0,"21":0,"22":0,"23":0,"24":0,"25":0,"26":0,"27":0,"28":0,"29":0,"30":0,"31":0,"32":0,"33":0,"34":0,"35":0,"36":0,"37":0,"38":0},"f":{"0":0,"1":0,"2":0,"3":0,"4":0,"5":0,"6":0,"7":0,"8":0,"9":0,"10":0,"11":0,"12":0,"13":0,"14":0,"15":0,"16":0,"17":0,"18":0,"19":0,"20":0,"21":0,"22":0,"23":0,"24":0},"b":{"0":[0,0],"1":[0,0],"2":[0,0],"3":[0,0],"4":[0,0],"5":[0,0],"6":[0,0],"7":[0,0],"8":[0,0],"9":[0,0],"10":[0,0]},"_coverageSchema":"1a1c01bbd47fc00a2c39e90264f33305004495a9","hash":"7d63b27a7e0a35a2e6df059da3cc9994565ab27f"}
,"/Users/Taivnaa/Desktop/hack-reactor/FEC/Local-Review/client/components/Logos/Car.jsx": {"path":"/Users/Taivnaa/Desktop/hack-reactor/FEC/Local-Review/client/components/Logos/Car.jsx","statementMap":{"0":{"start":{"line":4,"column":22},"end":{"line":7,"column":1}},"1":{"start":{"line":9,"column":18},"end":{"line":12,"column":1}},"2":{"start":{"line":14,"column":22},"end":{"line":16,"column":1}},"3":{"start":{"line":18,"column":12},"end":{"line":24,"column":1}},"4":{"start":{"line":19,"column":2},"end":{"line":23,"column":18}}},"fnMap":{"0":{"name":"(anonymous_0)","decl":{"start":{"line":18,"column":12},"end":{"line":18,"column":13}},"loc":{"start":{"line":19,"column":2},"end":{"line":23,"column":18}},"line":19}},"branchMap":{},"s":{"0":3,"1":3,"2":3,"3":3,"4":0},"f":{"0":0},"b":{},"_coverageSchema":"1a1c01bbd47fc00a2c39e90264f33305004495a9","hash":"270d83b4ff903fdddecd72ae6b9984bd1bf8faca"}
,"/Users/Taivnaa/Desktop/hack-reactor/FEC/Local-Review/client/components/Logos/Cart.jsx": {"path":"/Users/Taivnaa/Desktop/hack-reactor/FEC/Local-Review/client/components/Logos/Cart.jsx","statementMap":{"0":{"start":{"line":4,"column":22},"end":{"line":7,"column":1}},"1":{"start":{"line":9,"column":18},"end":{"line":12,"column":1}},"2":{"start":{"line":14,"column":22},"end":{"line":16,"column":1}},"3":{"start":{"line":18,"column":13},"end":{"line":24,"column":1}},"4":{"start":{"line":19,"column":2},"end":{"line":23,"column":18}}},"fnMap":{"0":{"name":"(anonymous_0)","decl":{"start":{"line":18,"column":13},"end":{"line":18,"column":14}},"loc":{"start":{"line":19,"column":2},"end":{"line":23,"column":18}},"line":19}},"branchMap":{},"s":{"0":3,"1":3,"2":3,"3":3,"4":0},"f":{"0":0},"b":{},"_coverageSchema":"1a1c01bbd47fc00a2c39e90264f33305004495a9","hash":"fc3604f945efe01bbd1641d86fb707a5be7ea8ac"}
,"/Users/Taivnaa/Desktop/hack-reactor/FEC/Local-Review/client/components/Logos/CloseButton.jsx": {"path":"/Users/Taivnaa/Desktop/hack-reactor/FEC/Local-Review/client/components/Logos/CloseButton.jsx","statementMap":{"0":{"start":{"line":4,"column":22},"end":{"line":11,"column":1}},"1":{"start":{"line":13,"column":18},"end":{"line":16,"column":1}},"2":{"start":{"line":18,"column":22},"end":{"line":20,"column":1}},"3":{"start":{"line":22,"column":20},"end":{"line":28,"column":1}},"4":{"start":{"line":23,"column":2},"end":{"line":27,"column":18}}},"fnMap":{"0":{"name":"(anonymous_0)","decl":{"start":{"line":22,"column":20},"end":{"line":22,"column":21}},"loc":{"start":{"line":23,"column":2},"end":{"line":27,"column":18}},"line":23}},"branchMap":{},"s":{"0":1,"1":1,"2":1,"3":1,"4":0},"f":{"0":0},"b":{},"_coverageSchema":"1a1c01bbd47fc00a2c39e90264f33305004495a9","hash":"0a053c89e3939f29df1aec84253c9ddd9b07ea9a"}
,"/Users/Taivnaa/Desktop/hack-reactor/FEC/Local-Review/client/components/Logos/Dog.jsx": {"path":"/Users/Taivnaa/Desktop/hack-reactor/FEC/Local-Review/client/components/Logos/Dog.jsx","statementMap":{"0":{"start":{"line":4,"column":22},"end":{"line":7,"column":1}},"1":{"start":{"line":9,"column":18},"end":{"line":12,"column":1}},"2":{"start":{"line":14,"column":22},"end":{"line":16,"column":1}},"3":{"start":{"line":18,"column":16},"end":{"line":24,"column":1}},"4":{"start":{"line":19,"column":2},"end":{"line":23,"column":18}}},"fnMap":{"0":{"name":"(anonymous_0)","decl":{"start":{"line":18,"column":16},"end":{"line":18,"column":17}},"loc":{"start":{"line":19,"column":2},"end":{"line":23,"column":18}},"line":19}},"branchMap":{},"s":{"0":3,"1":3,"2":3,"3":3,"4":0},"f":{"0":0},"b":{},"_coverageSchema":"1a1c01bbd47fc00a2c39e90264f33305004495a9","hash":"740edc9701e921f02b1837aacb95d027c9357213"}
,"/Users/Taivnaa/Desktop/hack-reactor/FEC/Local-Review/client/components/Logos/Events.jsx": {"path":"/Users/Taivnaa/Desktop/hack-reactor/FEC/Local-Review/client/components/Logos/Events.jsx","statementMap":{"0":{"start":{"line":4,"column":22},"end":{"line":7,"column":1}},"1":{"start":{"line":9,"column":18},"end":{"line":12,"column":1}},"2":{"start":{"line":14,"column":22},"end":{"line":16,"column":1}},"3":{"start":{"line":18,"column":15},"end":{"line":24,"column":1}},"4":{"start":{"line":19,"column":2},"end":{"line":23,"column":18}}},"fnMap":{"0":{"name":"(anonymous_0)","decl":{"start":{"line":18,"column":15},"end":{"line":18,"column":16}},"loc":{"start":{"line":19,"column":2},"end":{"line":23,"column":18}},"line":19}},"branchMap":{},"s":{"0":3,"1":3,"2":3,"3":3,"4":0},"f":{"0":0},"b":{},"_coverageSchema":"1a1c01bbd47fc00a2c39e90264f33305004495a9","hash":"544ea304d02fa9be7fe505f6c4a1d9cd9c2322b0"}
,"/Users/Taivnaa/Desktop/hack-reactor/FEC/Local-Review/client/components/Logos/Holiday.jsx": {"path":"/Users/Taivnaa/Desktop/hack-reactor/FEC/Local-Review/client/components/Logos/Holiday.jsx","statementMap":{"0":{"start":{"line":4,"column":22},"end":{"line":7,"column":1}},"1":{"start":{"line":9,"column":18},"end":{"line":12,"column":1}},"2":{"start":{"line":14,"column":22},"end":{"line":16,"column":1}},"3":{"start":{"line":18,"column":16},"end":{"line":24,"column":1}},"4":{"start":{"line":19,"column":2},"end":{"line":23,"column":18}}},"fnMap":{"0":{"name":"(anonymous_0)","decl":{"start":{"line":18,"column":16},"end":{"line":18,"column":17}},"loc":{"start":{"line":19,"column":2},"end":{"line":23,"column":18}},"line":19}},"branchMap":{},"s":{"0":3,"1":3,"2":3,"3":3,"4":0},"f":{"0":0},"b":{},"_coverageSchema":"1a1c01bbd47fc00a2c39e90264f33305004495a9","hash":"a4ec0c810ffe474fd17e9e9f02d315f1d1c05852"}
,"/Users/Taivnaa/Desktop/hack-reactor/FEC/Local-Review/client/components/Logos/HourGlass.jsx": {"path":"/Users/Taivnaa/Desktop/hack-reactor/FEC/Local-Review/client/components/Logos/HourGlass.jsx","statementMap":{"0":{"start":{"line":4,"column":22},"end":{"line":7,"column":1}},"1":{"start":{"line":9,"column":18},"end":{"line":12,"column":1}},"2":{"start":{"line":14,"column":22},"end":{"line":16,"column":1}},"3":{"start":{"line":18,"column":18},"end":{"line":24,"column":1}},"4":{"start":{"line":19,"column":2},"end":{"line":23,"column":18}}},"fnMap":{"0":{"name":"(anonymous_0)","decl":{"start":{"line":18,"column":18},"end":{"line":18,"column":19}},"loc":{"start":{"line":19,"column":2},"end":{"line":23,"column":18}},"line":19}},"branchMap":{},"s":{"0":3,"1":3,"2":3,"3":3,"4":0},"f":{"0":0},"b":{},"_coverageSchema":"1a1c01bbd47fc00a2c39e90264f33305004495a9","hash":"137c0252c9bc72c95d600244faf74354dd4d1ed2"}
,"/Users/Taivnaa/Desktop/hack-reactor/FEC/Local-Review/client/components/Logos/Like.jsx": {"path":"/Users/Taivnaa/Desktop/hack-reactor/FEC/Local-Review/client/components/Logos/Like.jsx","statementMap":{"0":{"start":{"line":4,"column":22},"end":{"line":7,"column":1}},"1":{"start":{"line":9,"column":18},"end":{"line":12,"column":1}},"2":{"start":{"line":14,"column":22},"end":{"line":16,"column":1}},"3":{"start":{"line":18,"column":17},"end":{"line":24,"column":1}},"4":{"start":{"line":19,"column":2},"end":{"line":23,"column":18}}},"fnMap":{"0":{"name":"(anonymous_0)","decl":{"start":{"line":18,"column":17},"end":{"line":18,"column":18}},"loc":{"start":{"line":19,"column":2},"end":{"line":23,"column":18}},"line":19}},"branchMap":{},"s":{"0":3,"1":3,"2":3,"3":3,"4":0},"f":{"0":0},"b":{},"_coverageSchema":"1a1c01bbd47fc00a2c39e90264f33305004495a9","hash":"d32d42697353c80d2199b69f8ee0bf02fa6ae584"}
,"/Users/Taivnaa/Desktop/hack-reactor/FEC/Local-Review/client/components/Logos/ModalClose.jsx": {"path":"/Users/Taivnaa/Desktop/hack-reactor/FEC/Local-Review/client/components/Logos/ModalClose.jsx","statementMap":{"0":{"start":{"line":4,"column":22},"end":{"line":8,"column":1}},"1":{"start":{"line":10,"column":18},"end":{"line":13,"column":1}},"2":{"start":{"line":15,"column":22},"end":{"line":17,"column":1}},"3":{"start":{"line":19,"column":13},"end":{"line":25,"column":1}},"4":{"start":{"line":20,"column":2},"end":{"line":24,"column":18}}},"fnMap":{"0":{"name":"(anonymous_0)","decl":{"start":{"line":19,"column":13},"end":{"line":19,"column":14}},"loc":{"start":{"line":20,"column":2},"end":{"line":24,"column":18}},"line":20}},"branchMap":{},"s":{"0":1,"1":1,"2":1,"3":1,"4":0},"f":{"0":0},"b":{},"_coverageSchema":"1a1c01bbd47fc00a2c39e90264f33305004495a9","hash":"0d67acfd435a4921fd3054faf3eb48b4e68bd054"}
,"/Users/Taivnaa/Desktop/hack-reactor/FEC/Local-Review/client/components/Logos/Moon.jsx": {"path":"/Users/Taivnaa/Desktop/hack-reactor/FEC/Local-Review/client/components/Logos/Moon.jsx","statementMap":{"0":{"start":{"line":4,"column":22},"end":{"line":7,"column":1}},"1":{"start":{"line":9,"column":18},"end":{"line":12,"column":1}},"2":{"start":{"line":14,"column":22},"end":{"line":16,"column":1}},"3":{"start":{"line":18,"column":13},"end":{"line":24,"column":1}},"4":{"start":{"line":19,"column":2},"end":{"line":23,"column":18}}},"fnMap":{"0":{"name":"(anonymous_0)","decl":{"start":{"line":18,"column":13},"end":{"line":18,"column":14}},"loc":{"start":{"line":19,"column":2},"end":{"line":23,"column":18}},"line":19}},"branchMap":{},"s":{"0":3,"1":3,"2":3,"3":3,"4":0},"f":{"0":0},"b":{},"_coverageSchema":"1a1c01bbd47fc00a2c39e90264f33305004495a9","hash":"99dbe45fd380d614b45fb5878f2c166211811c27"}
,"/Users/Taivnaa/Desktop/hack-reactor/FEC/Local-Review/client/components/Logos/Neighbors.jsx": {"path":"/Users/Taivnaa/Desktop/hack-reactor/FEC/Local-Review/client/components/Logos/Neighbors.jsx","statementMap":{"0":{"start":{"line":4,"column":22},"end":{"line":7,"column":1}},"1":{"start":{"line":9,"column":18},"end":{"line":12,"column":1}},"2":{"start":{"line":14,"column":22},"end":{"line":16,"column":1}},"3":{"start":{"line":18,"column":18},"end":{"line":24,"column":1}},"4":{"start":{"line":19,"column":2},"end":{"line":23,"column":18}}},"fnMap":{"0":{"name":"(anonymous_0)","decl":{"start":{"line":18,"column":18},"end":{"line":18,"column":19}},"loc":{"start":{"line":19,"column":2},"end":{"line":23,"column":18}},"line":19}},"branchMap":{},"s":{"0":3,"1":3,"2":3,"3":3,"4":0},"f":{"0":0},"b":{},"_coverageSchema":"1a1c01bbd47fc00a2c39e90264f33305004495a9","hash":"18a344ae6b88fc7ec6642baf48db01629b846b44"}
,"/Users/Taivnaa/Desktop/hack-reactor/FEC/Local-Review/client/components/Logos/Parking.jsx": {"path":"/Users/Taivnaa/Desktop/hack-reactor/FEC/Local-Review/client/components/Logos/Parking.jsx","statementMap":{"0":{"start":{"line":4,"column":22},"end":{"line":7,"column":1}},"1":{"start":{"line":9,"column":18},"end":{"line":12,"column":1}},"2":{"start":{"line":14,"column":22},"end":{"line":16,"column":1}},"3":{"start":{"line":18,"column":16},"end":{"line":24,"column":1}},"4":{"start":{"line":19,"column":2},"end":{"line":23,"column":18}}},"fnMap":{"0":{"name":"(anonymous_0)","decl":{"start":{"line":18,"column":16},"end":{"line":18,"column":17}},"loc":{"start":{"line":19,"column":2},"end":{"line":23,"column":18}},"line":19}},"branchMap":{},"s":{"0":3,"1":3,"2":3,"3":3,"4":0},"f":{"0":0},"b":{},"_coverageSchema":"1a1c01bbd47fc00a2c39e90264f33305004495a9","hash":"564d9ad90275893ae3e634da8e4197ceb3ac70a1"}
,"/Users/Taivnaa/Desktop/hack-reactor/FEC/Local-Review/client/components/Logos/Play.jsx": {"path":"/Users/Taivnaa/Desktop/hack-reactor/FEC/Local-Review/client/components/Logos/Play.jsx","statementMap":{"0":{"start":{"line":4,"column":22},"end":{"line":7,"column":1}},"1":{"start":{"line":9,"column":18},"end":{"line":12,"column":1}},"2":{"start":{"line":14,"column":22},"end":{"line":16,"column":1}},"3":{"start":{"line":18,"column":13},"end":{"line":24,"column":1}},"4":{"start":{"line":19,"column":2},"end":{"line":23,"column":18}}},"fnMap":{"0":{"name":"(anonymous_0)","decl":{"start":{"line":18,"column":13},"end":{"line":18,"column":14}},"loc":{"start":{"line":19,"column":2},"end":{"line":23,"column":18}},"line":19}},"branchMap":{},"s":{"0":3,"1":3,"2":3,"3":3,"4":0},"f":{"0":0},"b":{},"_coverageSchema":"1a1c01bbd47fc00a2c39e90264f33305004495a9","hash":"967632141939286681beff65bf4925c7dbda98c9"}
,"/Users/Taivnaa/Desktop/hack-reactor/FEC/Local-Review/client/components/Logos/Quiet.jsx": {"path":"/Users/Taivnaa/Desktop/hack-reactor/FEC/Local-Review/client/components/Logos/Quiet.jsx","statementMap":{"0":{"start":{"line":4,"column":22},"end":{"line":7,"column":1}},"1":{"start":{"line":9,"column":18},"end":{"line":12,"column":1}},"2":{"start":{"line":14,"column":22},"end":{"line":16,"column":1}},"3":{"start":{"line":18,"column":14},"end":{"line":24,"column":1}},"4":{"start":{"line":19,"column":2},"end":{"line":23,"column":18}}},"fnMap":{"0":{"name":"(anonymous_0)","decl":{"start":{"line":18,"column":14},"end":{"line":18,"column":15}},"loc":{"start":{"line":19,"column":2},"end":{"line":23,"column":18}},"line":19}},"branchMap":{},"s":{"0":3,"1":3,"2":3,"3":3,"4":0},"f":{"0":0},"b":{},"_coverageSchema":"1a1c01bbd47fc00a2c39e90264f33305004495a9","hash":"93ddc034dfb2f23b8e87ac1fa4a190f46125b7b5"}
,"/Users/Taivnaa/Desktop/hack-reactor/FEC/Local-Review/client/components/Logos/Restaurant.jsx": {"path":"/Users/Taivnaa/Desktop/hack-reactor/FEC/Local-Review/client/components/Logos/Restaurant.jsx","statementMap":{"0":{"start":{"line":4,"column":22},"end":{"line":7,"column":1}},"1":{"start":{"line":9,"column":18},"end":{"line":12,"column":1}},"2":{"start":{"line":14,"column":22},"end":{"line":16,"column":1}},"3":{"start":{"line":18,"column":19},"end":{"line":24,"column":1}},"4":{"start":{"line":19,"column":2},"end":{"line":23,"column":18}}},"fnMap":{"0":{"name":"(anonymous_0)","decl":{"start":{"line":18,"column":19},"end":{"line":18,"column":20}},"loc":{"start":{"line":19,"column":2},"end":{"line":23,"column":18}},"line":19}},"branchMap":{},"s":{"0":3,"1":3,"2":3,"3":3,"4":0},"f":{"0":0},"b":{},"_coverageSchema":"1a1c01bbd47fc00a2c39e90264f33305004495a9","hash":"0644f6ab3a8ac7f9d6f7f3e414a8606288a27e6c"}
,"/Users/Taivnaa/Desktop/hack-reactor/FEC/Local-Review/client/components/Logos/SideWalk.jsx": {"path":"/Users/Taivnaa/Desktop/hack-reactor/FEC/Local-Review/client/components/Logos/SideWalk.jsx","statementMap":{"0":{"start":{"line":4,"column":22},"end":{"line":7,"column":1}},"1":{"start":{"line":9,"column":18},"end":{"line":12,"column":1}},"2":{"start":{"line":14,"column":22},"end":{"line":16,"column":1}},"3":{"start":{"line":18,"column":21},"end":{"line":24,"column":1}},"4":{"start":{"line":19,"column":2},"end":{"line":23,"column":18}}},"fnMap":{"0":{"name":"(anonymous_0)","decl":{"start":{"line":18,"column":21},"end":{"line":18,"column":22}},"loc":{"start":{"line":19,"column":2},"end":{"line":23,"column":18}},"line":19}},"branchMap":{},"s":{"0":3,"1":3,"2":3,"3":3,"4":0},"f":{"0":0},"b":{},"_coverageSchema":"1a1c01bbd47fc00a2c39e90264f33305004495a9","hash":"3c4a14c4843ea02d7eed3f44e8b1d713cd89fddd"}
,"/Users/Taivnaa/Desktop/hack-reactor/FEC/Local-Review/client/components/Logos/Smily.jsx": {"path":"/Users/Taivnaa/Desktop/hack-reactor/FEC/Local-Review/client/components/Logos/Smily.jsx","statementMap":{"0":{"start":{"line":4,"column":22},"end":{"line":7,"column":1}},"1":{"start":{"line":9,"column":18},"end":{"line":12,"column":1}},"2":{"start":{"line":14,"column":22},"end":{"line":16,"column":1}},"3":{"start":{"line":18,"column":14},"end":{"line":24,"column":1}},"4":{"start":{"line":19,"column":2},"end":{"line":23,"column":18}}},"fnMap":{"0":{"name":"(anonymous_0)","decl":{"start":{"line":18,"column":14},"end":{"line":18,"column":15}},"loc":{"start":{"line":19,"column":2},"end":{"line":23,"column":18}},"line":19}},"branchMap":{},"s":{"0":1,"1":1,"2":1,"3":1,"4":0},"f":{"0":0},"b":{},"_coverageSchema":"1a1c01bbd47fc00a2c39e90264f33305004495a9","hash":"dfb138383e721122af283e759248c0297c7944b1"}
,"/Users/Taivnaa/Desktop/hack-reactor/FEC/Local-Review/client/components/Logos/StreetLight.jsx": {"path":"/Users/Taivnaa/Desktop/hack-reactor/FEC/Local-Review/client/components/Logos/StreetLight.jsx","statementMap":{"0":{"start":{"line":4,"column":22},"end":{"line":7,"column":1}},"1":{"start":{"line":9,"column":18},"end":{"line":12,"column":1}},"2":{"start":{"line":14,"column":22},"end":{"line":16,"column":1}},"3":{"start":{"line":18,"column":20},"end":{"line":24,"column":1}},"4":{"start":{"line":19,"column":2},"end":{"line":23,"column":18}}},"fnMap":{"0":{"name":"(anonymous_0)","decl":{"start":{"line":18,"column":20},"end":{"line":18,"column":21}},"loc":{"start":{"line":19,"column":2},"end":{"line":23,"column":18}},"line":19}},"branchMap":{},"s":{"0":3,"1":3,"2":3,"3":3,"4":0},"f":{"0":0},"b":{},"_coverageSchema":"1a1c01bbd47fc00a2c39e90264f33305004495a9","hash":"4f3a41c005537dbcc79c0cfbf1af34a558ee03ae"}
,"/Users/Taivnaa/Desktop/hack-reactor/FEC/Local-Review/client/components/Logos/WildLife.jsx": {"path":"/Users/Taivnaa/Desktop/hack-reactor/FEC/Local-Review/client/components/Logos/WildLife.jsx","statementMap":{"0":{"start":{"line":4,"column":22},"end":{"line":7,"column":1}},"1":{"start":{"line":9,"column":18},"end":{"line":12,"column":1}},"2":{"start":{"line":14,"column":22},"end":{"line":16,"column":1}},"3":{"start":{"line":18,"column":17},"end":{"line":24,"column":1}},"4":{"start":{"line":19,"column":2},"end":{"line":23,"column":18}}},"fnMap":{"0":{"name":"(anonymous_0)","decl":{"start":{"line":18,"column":17},"end":{"line":18,"column":18}},"loc":{"start":{"line":19,"column":2},"end":{"line":23,"column":18}},"line":19}},"branchMap":{},"s":{"0":3,"1":3,"2":3,"3":3,"4":0},"f":{"0":0},"b":{},"_coverageSchema":"1a1c01bbd47fc00a2c39e90264f33305004495a9","hash":"ae70b014d14c8183b4c439fd1f2568c25b13523e"}
,"/Users/Taivnaa/Desktop/hack-reactor/FEC/Local-Review/client/components/Logos/Yard.jsx": {"path":"/Users/Taivnaa/Desktop/hack-reactor/FEC/Local-Review/client/components/Logos/Yard.jsx","statementMap":{"0":{"start":{"line":4,"column":22},"end":{"line":7,"column":1}},"1":{"start":{"line":9,"column":18},"end":{"line":12,"column":1}},"2":{"start":{"line":14,"column":22},"end":{"line":16,"column":1}},"3":{"start":{"line":18,"column":13},"end":{"line":24,"column":1}},"4":{"start":{"line":19,"column":2},"end":{"line":23,"column":18}}},"fnMap":{"0":{"name":"(anonymous_0)","decl":{"start":{"line":18,"column":13},"end":{"line":18,"column":14}},"loc":{"start":{"line":19,"column":2},"end":{"line":23,"column":18}},"line":19}},"branchMap":{},"s":{"0":3,"1":3,"2":3,"3":3,"4":0},"f":{"0":0},"b":{},"_coverageSchema":"1a1c01bbd47fc00a2c39e90264f33305004495a9","hash":"8abfd8e40f7de3da17767d98d9c3ce5022608056"}
,"/Users/Taivnaa/Desktop/hack-reactor/FEC/Local-Review/client/components/UI/BackDrop.jsx": {"path":"/Users/Taivnaa/Desktop/hack-reactor/FEC/Local-Review/client/components/UI/BackDrop.jsx","statementMap":{"0":{"start":{"line":4,"column":23},"end":{"line":14,"column":1}},"1":{"start":{"line":16,"column":17},"end":{"line":18,"column":1}},"2":{"start":{"line":17,"column":2},"end":{"line":17,"column":44}},"3":{"start":{"line":21,"column":20},"end":{"line":30,"column":1}},"4":{"start":{"line":32,"column":14},"end":{"line":39,"column":1}},"5":{"start":{"line":33,"column":2},"end":{"line":38,"column":5}}},"fnMap":{"0":{"name":"(anonymous_0)","decl":{"start":{"line":16,"column":17},"end":{"line":16,"column":18}},"loc":{"start":{"line":17,"column":2},"end":{"line":17,"column":44}},"line":17},"1":{"name":"(anonymous_1)","decl":{"start":{"line":32,"column":14},"end":{"line":32,"column":15}},"loc":{"start":{"line":33,"column":2},"end":{"line":38,"column":5}},"line":33}},"branchMap":{},"s":{"0":1,"1":1,"2":0,"3":1,"4":1,"5":0},"f":{"0":0,"1":0},"b":{},"_coverageSchema":"1a1c01bbd47fc00a2c39e90264f33305004495a9","hash":"10ce03adea4d81b8dca69a80e95cd99e75194a86"}
,"/Users/Taivnaa/Desktop/hack-reactor/FEC/Local-Review/client/components/UI/Modal/AllReviewModal.jsx": {"path":"/Users/Taivnaa/Desktop/hack-reactor/FEC/Local-Review/client/components/UI/Modal/AllReviewModal.jsx","statementMap":{"0":{"start":{"line":7,"column":22},"end":{"line":75,"column":1}},"1":{"start":{"line":77,"column":23},"end":{"line":87,"column":1}},"2":{"start":{"line":89,"column":17},"end":{"line":91,"column":1}},"3":{"start":{"line":90,"column":2},"end":{"line":90,"column":44}},"4":{"start":{"line":93,"column":20},"end":{"line":102,"column":1}},"5":{"start":{"line":104,"column":14},"end":{"line":111,"column":1}},"6":{"start":{"line":105,"column":2},"end":{"line":110,"column":5}},"7":{"start":{"line":115,"column":4},"end":{"line":115,"column":17}},"8":{"start":{"line":116,"column":4},"end":{"line":119,"column":5}},"9":{"start":{"line":120,"column":4},"end":{"line":120,"column":65}},"10":{"start":{"line":123,"column":4},"end":{"line":125,"column":6}},"11":{"start":{"line":128,"column":24},"end":{"line":128,"column":34}},"12":{"start":{"line":129,"column":22},"end":{"line":131,"column":6}},"13":{"start":{"line":130,"column":6},"end":{"line":130,"column":33}},"14":{"start":{"line":132,"column":22},"end":{"line":134,"column":6}},"15":{"start":{"line":133,"column":6},"end":{"line":133,"column":33}},"16":{"start":{"line":135,"column":20},"end":{"line":137,"column":6}},"17":{"start":{"line":136,"column":6},"end":{"line":136,"column":31}},"18":{"start":{"line":138,"column":20},"end":{"line":140,"column":6}},"19":{"start":{"line":139,"column":6},"end":{"line":139,"column":31}},"20":{"start":{"line":141,"column":4},"end":{"line":200,"column":5}},"21":{"start":{"line":146,"column":42},"end":{"line":146,"column":72}},"22":{"start":{"line":147,"column":42},"end":{"line":147,"column":78}},"23":{"start":{"line":148,"column":42},"end":{"line":148,"column":78}},"24":{"start":{"line":149,"column":42},"end":{"line":149,"column":76}},"25":{"start":{"line":150,"column":42},"end":{"line":150,"column":76}},"26":{"start":{"line":151,"column":58},"end":{"line":151,"column":76}},"27":{"start":{"line":157,"column":18},"end":{"line":161,"column":19}},"28":{"start":{"line":165,"column":18},"end":{"line":169,"column":19}},"29":{"start":{"line":173,"column":18},"end":{"line":177,"column":19}},"30":{"start":{"line":181,"column":18},"end":{"line":185,"column":19}},"31":{"start":{"line":189,"column":18},"end":{"line":193,"column":19}}},"fnMap":{"0":{"name":"(anonymous_0)","decl":{"start":{"line":89,"column":17},"end":{"line":89,"column":18}},"loc":{"start":{"line":90,"column":2},"end":{"line":90,"column":44}},"line":90},"1":{"name":"(anonymous_1)","decl":{"start":{"line":104,"column":14},"end":{"line":104,"column":15}},"loc":{"start":{"line":105,"column":2},"end":{"line":110,"column":5}},"line":105},"2":{"name":"(anonymous_2)","decl":{"start":{"line":114,"column":2},"end":{"line":114,"column":3}},"loc":{"start":{"line":114,"column":21},"end":{"line":121,"column":3}},"line":114},"3":{"name":"(anonymous_3)","decl":{"start":{"line":122,"column":2},"end":{"line":122,"column":3}},"loc":{"start":{"line":122,"column":27},"end":{"line":126,"column":3}},"line":122},"4":{"name":"(anonymous_4)","decl":{"start":{"line":127,"column":2},"end":{"line":127,"column":3}},"loc":{"start":{"line":127,"column":11},"end":{"line":201,"column":3}},"line":127},"5":{"name":"(anonymous_5)","decl":{"start":{"line":129,"column":37},"end":{"line":129,"column":38}},"loc":{"start":{"line":130,"column":6},"end":{"line":130,"column":33}},"line":130},"6":{"name":"(anonymous_6)","decl":{"start":{"line":132,"column":37},"end":{"line":132,"column":38}},"loc":{"start":{"line":133,"column":6},"end":{"line":133,"column":33}},"line":133},"7":{"name":"(anonymous_7)","decl":{"start":{"line":135,"column":35},"end":{"line":135,"column":36}},"loc":{"start":{"line":136,"column":6},"end":{"line":136,"column":31}},"line":136},"8":{"name":"(anonymous_8)","decl":{"start":{"line":138,"column":35},"end":{"line":138,"column":36}},"loc":{"start":{"line":139,"column":6},"end":{"line":139,"column":31}},"line":139},"9":{"name":"(anonymous_9)","decl":{"start":{"line":146,"column":36},"end":{"line":146,"column":37}},"loc":{"start":{"line":146,"column":42},"end":{"line":146,"column":72}},"line":146},"10":{"name":"(anonymous_10)","decl":{"start":{"line":147,"column":36},"end":{"line":147,"column":37}},"loc":{"start":{"line":147,"column":42},"end":{"line":147,"column":78}},"line":147},"11":{"name":"(anonymous_11)","decl":{"start":{"line":148,"column":36},"end":{"line":148,"column":37}},"loc":{"start":{"line":148,"column":42},"end":{"line":148,"column":78}},"line":148},"12":{"name":"(anonymous_12)","decl":{"start":{"line":149,"column":36},"end":{"line":149,"column":37}},"loc":{"start":{"line":149,"column":42},"end":{"line":149,"column":76}},"line":149},"13":{"name":"(anonymous_13)","decl":{"start":{"line":150,"column":36},"end":{"line":150,"column":37}},"loc":{"start":{"line":150,"column":42},"end":{"line":150,"column":76}},"line":150},"14":{"name":"(anonymous_14)","decl":{"start":{"line":151,"column":52},"end":{"line":151,"column":53}},"loc":{"start":{"line":151,"column":58},"end":{"line":151,"column":76}},"line":151},"15":{"name":"(anonymous_15)","decl":{"start":{"line":156,"column":57},"end":{"line":156,"column":58}},"loc":{"start":{"line":156,"column":72},"end":{"line":162,"column":17}},"line":156},"16":{"name":"(anonymous_16)","decl":{"start":{"line":164,"column":65},"end":{"line":164,"column":66}},"loc":{"start":{"line":164,"column":80},"end":{"line":170,"column":17}},"line":164},"17":{"name":"(anonymous_17)","decl":{"start":{"line":172,"column":65},"end":{"line":172,"column":66}},"loc":{"start":{"line":172,"column":80},"end":{"line":178,"column":17}},"line":172},"18":{"name":"(anonymous_18)","decl":{"start":{"line":180,"column":61},"end":{"line":180,"column":62}},"loc":{"start":{"line":180,"column":76},"end":{"line":186,"column":17}},"line":180},"19":{"name":"(anonymous_19)","decl":{"start":{"line":188,"column":61},"end":{"line":188,"column":62}},"loc":{"start":{"line":188,"column":76},"end":{"line":194,"column":17}},"line":188}},"branchMap":{"0":{"loc":{"start":{"line":156,"column":17},"end":{"line":162,"column":25}},"type":"cond-expr","locations":[{"start":{"line":156,"column":45},"end":{"line":162,"column":18}},{"start":{"line":162,"column":21},"end":{"line":162,"column":25}}],"line":156},"1":{"loc":{"start":{"line":164,"column":17},"end":{"line":170,"column":25}},"type":"cond-expr","locations":[{"start":{"line":164,"column":51},"end":{"line":170,"column":18}},{"start":{"line":170,"column":21},"end":{"line":170,"column":25}}],"line":164},"2":{"loc":{"start":{"line":172,"column":17},"end":{"line":178,"column":25}},"type":"cond-expr","locations":[{"start":{"line":172,"column":51},"end":{"line":178,"column":18}},{"start":{"line":178,"column":21},"end":{"line":178,"column":25}}],"line":172},"3":{"loc":{"start":{"line":180,"column":17},"end":{"line":186,"column":25}},"type":"cond-expr","locations":[{"start":{"line":180,"column":49},"end":{"line":186,"column":18}},{"start":{"line":186,"column":21},"end":{"line":186,"column":25}}],"line":180},"4":{"loc":{"start":{"line":188,"column":17},"end":{"line":194,"column":25}},"type":"cond-expr","locations":[{"start":{"line":188,"column":49},"end":{"line":194,"column":18}},{"start":{"line":194,"column":21},"end":{"line":194,"column":25}}],"line":188}},"s":{"0":1,"1":1,"2":1,"3":0,"4":1,"5":1,"6":0,"7":0,"8":0,"9":0,"10":0,"11":0,"12":0,"13":0,"14":0,"15":0,"16":0,"17":0,"18":0,"19":0,"20":0,"21":0,"22":0,"23":0,"24":0,"25":0,"26":0,"27":0,"28":0,"29":0,"30":0,"31":0},"f":{"0":0,"1":0,"2":0,"3":0,"4":0,"5":0,"6":0,"7":0,"8":0,"9":0,"10":0,"11":0,"12":0,"13":0,"14":0,"15":0,"16":0,"17":0,"18":0,"19":0},"b":{"0":[0,0],"1":[0,0],"2":[0,0],"3":[0,0],"4":[0,0]},"_coverageSchema":"1a1c01bbd47fc00a2c39e90264f33305004495a9","hash":"5290575464d0c1155d08a747fce9f9d887921da1"}
,"/Users/Taivnaa/Desktop/hack-reactor/FEC/Local-Review/client/components/UI/Modal/FlagModal.jsx": {"path":"/Users/Taivnaa/Desktop/hack-reactor/FEC/Local-Review/client/components/UI/Modal/FlagModal.jsx","statementMap":{"0":{"start":{"line":6,"column":21},"end":{"line":64,"column":1}},"1":{"start":{"line":66,"column":23},"end":{"line":76,"column":1}},"2":{"start":{"line":78,"column":17},"end":{"line":80,"column":1}},"3":{"start":{"line":79,"column":2},"end":{"line":79,"column":44}},"4":{"start":{"line":82,"column":20},"end":{"line":91,"column":1}},"5":{"start":{"line":93,"column":14},"end":{"line":100,"column":1}},"6":{"start":{"line":94,"column":2},"end":{"line":99,"column":5}},"7":{"start":{"line":102,"column":18},"end":{"line":127,"column":1}},"8":{"start":{"line":103,"column":2},"end":{"line":126,"column":3}},"9":{"start":{"line":107,"column":82},"end":{"line":107,"column":95}}},"fnMap":{"0":{"name":"(anonymous_0)","decl":{"start":{"line":78,"column":17},"end":{"line":78,"column":18}},"loc":{"start":{"line":79,"column":2},"end":{"line":79,"column":44}},"line":79},"1":{"name":"(anonymous_1)","decl":{"start":{"line":93,"column":14},"end":{"line":93,"column":15}},"loc":{"start":{"line":94,"column":2},"end":{"line":99,"column":5}},"line":94},"2":{"name":"(anonymous_2)","decl":{"start":{"line":102,"column":18},"end":{"line":102,"column":19}},"loc":{"start":{"line":102,"column":29},"end":{"line":127,"column":1}},"line":102},"3":{"name":"(anonymous_3)","decl":{"start":{"line":107,"column":76},"end":{"line":107,"column":77}},"loc":{"start":{"line":107,"column":82},"end":{"line":107,"column":95}},"line":107}},"branchMap":{},"s":{"0":1,"1":1,"2":1,"3":0,"4":1,"5":1,"6":0,"7":1,"8":0,"9":0},"f":{"0":0,"1":0,"2":0,"3":0},"b":{},"_coverageSchema":"1a1c01bbd47fc00a2c39e90264f33305004495a9","hash":"096c9b812fdabcd1238526194e35ea5d3d06f71e"}
,"/Users/Taivnaa/Desktop/hack-reactor/FEC/Local-Review/client/components/UI/Modal/SingleReviewModal.jsx": {"path":"/Users/Taivnaa/Desktop/hack-reactor/FEC/Local-Review/client/components/UI/Modal/SingleReviewModal.jsx","statementMap":{"0":{"start":{"line":8,"column":21},"end":{"line":71,"column":1}},"1":{"start":{"line":14,"column":33},"end":{"line":14,"column":44}},"2":{"start":{"line":75,"column":4},"end":{"line":75,"column":17}},"3":{"start":{"line":76,"column":4},"end":{"line":79,"column":5}},"4":{"start":{"line":80,"column":4},"end":{"line":80,"column":65}},"5":{"start":{"line":83,"column":16},"end":{"line":83,"column":32}},"6":{"start":{"line":84,"column":4},"end":{"line":96,"column":5}},"7":{"start":{"line":85,"column":6},"end":{"line":85,"column":14}},"8":{"start":{"line":86,"column":6},"end":{"line":89,"column":8}},"9":{"start":{"line":91,"column":6},"end":{"line":91,"column":14}},"10":{"start":{"line":92,"column":6},"end":{"line":95,"column":8}},"11":{"start":{"line":99,"column":17},"end":{"line":99,"column":41}},"12":{"start":{"line":100,"column":4},"end":{"line":121,"column":5}}},"fnMap":{"0":{"name":"(anonymous_0)","decl":{"start":{"line":14,"column":24},"end":{"line":14,"column":25}},"loc":{"start":{"line":14,"column":33},"end":{"line":14,"column":44}},"line":14},"1":{"name":"(anonymous_1)","decl":{"start":{"line":74,"column":2},"end":{"line":74,"column":3}},"loc":{"start":{"line":74,"column":21},"end":{"line":81,"column":3}},"line":74},"2":{"name":"(anonymous_2)","decl":{"start":{"line":82,"column":2},"end":{"line":82,"column":3}},"loc":{"start":{"line":82,"column":23},"end":{"line":97,"column":3}},"line":82},"3":{"name":"(anonymous_3)","decl":{"start":{"line":98,"column":2},"end":{"line":98,"column":3}},"loc":{"start":{"line":98,"column":11},"end":{"line":122,"column":3}},"line":98}},"branchMap":{"0":{"loc":{"start":{"line":84,"column":4},"end":{"line":96,"column":5}},"type":"if","locations":[{"start":{"line":84,"column":4},"end":{"line":96,"column":5}},{"start":{"line":84,"column":4},"end":{"line":96,"column":5}}],"line":84},"1":{"loc":{"start":{"line":108,"column":22},"end":{"line":108,"column":82}},"type":"cond-expr","locations":[{"start":{"line":108,"column":60},"end":{"line":108,"column":70}},{"start":{"line":108,"column":73},"end":{"line":108,"column":82}}],"line":108}},"s":{"0":1,"1":0,"2":0,"3":0,"4":0,"5":0,"6":0,"7":0,"8":0,"9":0,"10":0,"11":0,"12":0},"f":{"0":0,"1":0,"2":0,"3":0},"b":{"0":[0,0],"1":[0,0]},"_coverageSchema":"1a1c01bbd47fc00a2c39e90264f33305004495a9","hash":"0633b66161a44673d84f76031676de2030203870"}
}
