TN:
SF:client/components/App.jsx
FN:57,(anonymous_0)
FN:66,(anonymous_1)
FN:68,(anonymous_2)
FN:73,(anonymous_3)
FN:75,(anonymous_4)
FN:77,(anonymous_5)
FN:82,(anonymous_6)
FN:84,(anonymous_7)
FN:88,(anonymous_8)
FNF:9
FNH:5
FNDA:3,(anonymous_0)
FNDA:3,(anonymous_1)
FNDA:0,(anonymous_2)
FNDA:0,(anonymous_3)
FNDA:3,(anonymous_4)
FNDA:0,(anonymous_5)
FNDA:0,(anonymous_6)
FNDA:3,(anonymous_7)
FNDA:3,(anonymous_8)
DA:7,1
DA:49,1
DA:58,3
DA:59,3
DA:63,3
DA:64,3
DA:67,3
DA:69,0
DA:73,0
DA:76,3
DA:78,0
DA:82,0
DA:85,3
DA:86,3
DA:89,3
LF:15
LH:11
BRF:0
BRH:0
end_of_record
TN:
SF:client/components/FeatureItem.jsx
FN:65,(anonymous_0)
FN:66,(anonymous_1)
FN:70,(anonymous_2)
FN:95,(anonymous_3)
FNF:4
FNH:1
FNDA:1,(anonymous_0)
FNDA:0,(anonymous_1)
FNDA:0,(anonymous_2)
FNDA:0,(anonymous_3)
DA:22,3
DA:65,3
DA:66,1
DA:67,0
DA:68,0
DA:70,1
DA:71,0
DA:72,0
DA:73,0
DA:74,0
DA:75,0
DA:76,0
DA:77,0
DA:79,0
DA:80,0
DA:81,0
DA:82,0
DA:83,0
DA:84,0
DA:85,0
DA:86,0
DA:87,0
DA:88,0
DA:91,1
DA:96,0
LF:25
LH:5
BRDA:71,0,0,0
BRDA:71,0,1,0
BRDA:72,1,0,0
BRDA:72,1,1,0
BRDA:73,2,0,0
BRDA:73,2,1,0
BRDA:74,3,0,0
BRDA:74,3,1,0
BRDA:75,4,0,0
BRDA:75,4,1,0
BRDA:76,5,0,0
BRDA:76,5,1,0
BRDA:77,6,0,0
BRDA:77,6,1,0
BRDA:79,7,0,0
BRDA:79,7,1,0
BRDA:80,8,0,0
BRDA:80,8,1,0
BRDA:81,9,0,0
BRDA:81,9,1,0
BRDA:82,10,0,0
BRDA:82,10,1,0
BRDA:83,11,0,0
BRDA:83,11,1,0
BRDA:84,12,0,0
BRDA:84,12,1,0
BRDA:85,13,0,0
BRDA:85,13,1,0
BRDA:86,14,0,0
BRDA:86,14,1,0
BRDA:87,15,0,0
BRDA:87,15,1,0
BRDA:88,16,0,0
BRDA:88,16,1,0
BRDA:94,17,0,0
BRDA:94,17,1,1
BRF:36
BRH:1
end_of_record
TN:
SF:client/components/Features.jsx
FN:38,(anonymous_0)
FN:46,(anonymous_1)
FN:51,(anonymous_2)
FNF:3
FNH:2
FNDA:3,(anonymous_0)
FNDA:0,(anonymous_1)
FNDA:3,(anonymous_2)
DA:5,2
DA:10,2
DA:39,3
DA:40,3
DA:43,3
DA:47,0
DA:52,3
DA:53,3
DA:54,3
DA:55,0
DA:56,0
DA:57,0
DA:58,0
DA:60,3
LF:14
LH:9
BRDA:54,0,0,0
BRDA:54,0,1,3
BRDA:64,1,0,0
BRDA:64,1,1,3
BRDA:66,2,0,0
BRDA:66,2,1,3
BRF:6
BRH:3
end_of_record
TN:
SF:client/components/NextButton.jsx
FN:46,(anonymous_0)
FNF:1
FNH:0
FNDA:0,(anonymous_0)
DA:4,1
DA:37,1
DA:42,1
DA:46,1
DA:47,0
LF:5
LH:4
BRDA:48,0,0,0
BRDA:48,0,1,0
BRF:2
BRH:0
end_of_record
TN:
SF:client/components/PrevButton.jsx
FN:38,(anonymous_0)
FNF:1
FNH:0
FNDA:0,(anonymous_0)
DA:4,1
DA:29,1
DA:34,1
DA:38,1
DA:39,0
LF:5
LH:4
BRF:0
BRH:0
end_of_record
TN:
SF:client/components/ReviewItem.jsx
FN:7,(anonymous_0)
FN:13,(anonymous_1)
FN:72,(anonymous_2)
FN:81,(anonymous_3)
FN:97,(anonymous_4)
FN:102,(anonymous_5)
FN:110,(anonymous_6)
FNF:7
FNH:0
FNDA:0,(anonymous_0)
FNDA:0,(anonymous_1)
FNDA:0,(anonymous_2)
FNDA:0,(anonymous_3)
FNDA:0,(anonymous_4)
FNDA:0,(anonymous_5)
FNDA:0,(anonymous_6)
DA:6,1
DA:7,0
DA:13,0
DA:73,0
DA:74,0
DA:79,0
DA:82,0
DA:83,0
DA:84,0
DA:85,0
DA:90,0
DA:91,0
DA:98,0
DA:99,0
DA:100,0
DA:102,0
DA:110,0
LF:17
LH:1
BRDA:7,0,0,0
BRDA:7,0,1,0
BRDA:83,1,0,0
BRDA:83,1,1,0
BRDA:106,2,0,0
BRDA:106,2,1,0
BRF:6
BRH:0
end_of_record
TN:
SF:client/components/Reviews.jsx
FN:81,(anonymous_0)
FN:99,(anonymous_1)
FN:114,(anonymous_2)
FN:119,(anonymous_3)
FN:126,(anonymous_4)
FN:128,(anonymous_5)
FN:135,(anonymous_6)
FN:139,(anonymous_7)
FN:146,(anonymous_8)
FN:148,(anonymous_9)
FN:151,(anonymous_10)
FN:154,(anonymous_11)
FN:157,(anonymous_12)
FN:169,(anonymous_13)
FN:170,(anonymous_14)
FN:171,(anonymous_15)
FN:172,(anonymous_16)
FN:173,(anonymous_17)
FN:178,(anonymous_18)
FN:186,(anonymous_19)
FN:194,(anonymous_20)
FN:202,(anonymous_21)
FN:210,(anonymous_22)
FN:221,(anonymous_23)
FN:232,(anonymous_24)
FNF:25
FNH:0
FNDA:0,(anonymous_0)
FNDA:0,(anonymous_1)
FNDA:0,(anonymous_2)
FNDA:0,(anonymous_3)
FNDA:0,(anonymous_4)
FNDA:0,(anonymous_5)
FNDA:0,(anonymous_6)
FNDA:0,(anonymous_7)
FNDA:0,(anonymous_8)
FNDA:0,(anonymous_9)
FNDA:0,(anonymous_10)
FNDA:0,(anonymous_11)
FNDA:0,(anonymous_12)
FNDA:0,(anonymous_13)
FNDA:0,(anonymous_14)
FNDA:0,(anonymous_15)
FNDA:0,(anonymous_16)
FNDA:0,(anonymous_17)
FNDA:0,(anonymous_18)
FNDA:0,(anonymous_19)
FNDA:0,(anonymous_20)
FNDA:0,(anonymous_21)
FNDA:0,(anonymous_22)
FNDA:0,(anonymous_23)
FNDA:0,(anonymous_24)
DA:11,1
DA:81,0
DA:100,0
DA:101,0
DA:109,0
DA:110,0
DA:111,0
DA:112,0
DA:115,0
DA:120,0
DA:127,0
DA:129,0
DA:133,0
DA:136,0
DA:140,0
DA:147,0
DA:148,0
DA:149,0
DA:151,0
DA:152,0
DA:154,0
DA:155,0
DA:157,0
DA:158,0
DA:160,0
DA:169,0
DA:170,0
DA:171,0
DA:172,0
DA:173,0
DA:179,0
DA:187,0
DA:195,0
DA:203,0
DA:211,0
DA:222,0
DA:223,0
DA:227,0
DA:233,0
LF:39
LH:1
BRDA:81,0,0,0
BRDA:81,0,1,0
BRDA:163,1,0,0
BRDA:163,1,1,0
BRDA:164,2,0,0
BRDA:164,2,1,0
BRDA:165,3,0,0
BRDA:165,3,1,0
BRDA:178,4,0,0
BRDA:178,4,1,0
BRDA:186,5,0,0
BRDA:186,5,1,0
BRDA:194,6,0,0
BRDA:194,6,1,0
BRDA:202,7,0,0
BRDA:202,7,1,0
BRDA:210,8,0,0
BRDA:210,8,1,0
BRDA:222,9,0,0
BRDA:222,9,1,0
BRDA:232,10,0,0
BRDA:232,10,1,0
BRF:22
BRH:0
end_of_record
TN:
SF:client/components/Logos/Car.jsx
FN:18,(anonymous_0)
FNF:1
FNH:0
FNDA:0,(anonymous_0)
DA:4,3
DA:9,3
DA:14,3
DA:18,3
DA:19,0
LF:5
LH:4
BRF:0
BRH:0
end_of_record
TN:
SF:client/components/Logos/Cart.jsx
FN:18,(anonymous_0)
FNF:1
FNH:0
FNDA:0,(anonymous_0)
DA:4,3
DA:9,3
DA:14,3
DA:18,3
DA:19,0
LF:5
LH:4
BRF:0
BRH:0
end_of_record
TN:
SF:client/components/Logos/CloseButton.jsx
FN:22,(anonymous_0)
FNF:1
FNH:0
FNDA:0,(anonymous_0)
DA:4,1
DA:13,1
DA:18,1
DA:22,1
DA:23,0
LF:5
LH:4
BRF:0
BRH:0
end_of_record
TN:
SF:client/components/Logos/Dog.jsx
FN:18,(anonymous_0)
FNF:1
FNH:0
FNDA:0,(anonymous_0)
DA:4,3
DA:9,3
DA:14,3
DA:18,3
DA:19,0
LF:5
LH:4
BRF:0
BRH:0
end_of_record
TN:
SF:client/components/Logos/Events.jsx
FN:18,(anonymous_0)
FNF:1
FNH:0
FNDA:0,(anonymous_0)
DA:4,3
DA:9,3
DA:14,3
DA:18,3
DA:19,0
LF:5
LH:4
BRF:0
BRH:0
end_of_record
TN:
SF:client/components/Logos/Holiday.jsx
FN:18,(anonymous_0)
FNF:1
FNH:0
FNDA:0,(anonymous_0)
DA:4,3
DA:9,3
DA:14,3
DA:18,3
DA:19,0
LF:5
LH:4
BRF:0
BRH:0
end_of_record
TN:
SF:client/components/Logos/HourGlass.jsx
FN:18,(anonymous_0)
FNF:1
FNH:0
FNDA:0,(anonymous_0)
DA:4,3
DA:9,3
DA:14,3
DA:18,3
DA:19,0
LF:5
LH:4
BRF:0
BRH:0
end_of_record
TN:
SF:client/components/Logos/Like.jsx
FN:18,(anonymous_0)
FNF:1
FNH:0
FNDA:0,(anonymous_0)
DA:4,3
DA:9,3
DA:14,3
DA:18,3
DA:19,0
LF:5
LH:4
BRF:0
BRH:0
end_of_record
TN:
SF:client/components/Logos/ModalClose.jsx
FN:19,(anonymous_0)
FNF:1
FNH:0
FNDA:0,(anonymous_0)
DA:4,1
DA:10,1
DA:15,1
DA:19,1
DA:20,0
LF:5
LH:4
BRF:0
BRH:0
end_of_record
TN:
SF:client/components/Logos/Moon.jsx
FN:18,(anonymous_0)
FNF:1
FNH:0
FNDA:0,(anonymous_0)
DA:4,3
DA:9,3
DA:14,3
DA:18,3
DA:19,0
LF:5
LH:4
BRF:0
BRH:0
end_of_record
TN:
SF:client/components/Logos/Neighbors.jsx
FN:18,(anonymous_0)
FNF:1
FNH:0
FNDA:0,(anonymous_0)
DA:4,3
DA:9,3
DA:14,3
DA:18,3
DA:19,0
LF:5
LH:4
BRF:0
BRH:0
end_of_record
TN:
SF:client/components/Logos/Parking.jsx
FN:18,(anonymous_0)
FNF:1
FNH:0
FNDA:0,(anonymous_0)
DA:4,3
DA:9,3
DA:14,3
DA:18,3
DA:19,0
LF:5
LH:4
BRF:0
BRH:0
end_of_record
TN:
SF:client/components/Logos/Play.jsx
FN:18,(anonymous_0)
FNF:1
FNH:0
FNDA:0,(anonymous_0)
DA:4,3
DA:9,3
DA:14,3
DA:18,3
DA:19,0
LF:5
LH:4
BRF:0
BRH:0
end_of_record
TN:
SF:client/components/Logos/Quiet.jsx
FN:18,(anonymous_0)
FNF:1
FNH:0
FNDA:0,(anonymous_0)
DA:4,3
DA:9,3
DA:14,3
DA:18,3
DA:19,0
LF:5
LH:4
BRF:0
BRH:0
end_of_record
TN:
SF:client/components/Logos/Restaurant.jsx
FN:18,(anonymous_0)
FNF:1
FNH:0
FNDA:0,(anonymous_0)
DA:4,3
DA:9,3
DA:14,3
DA:18,3
DA:19,0
LF:5
LH:4
BRF:0
BRH:0
end_of_record
TN:
SF:client/components/Logos/SideWalk.jsx
FN:18,(anonymous_0)
FNF:1
FNH:0
FNDA:0,(anonymous_0)
DA:4,3
DA:9,3
DA:14,3
DA:18,3
DA:19,0
LF:5
LH:4
BRF:0
BRH:0
end_of_record
TN:
SF:client/components/Logos/Smily.jsx
FN:18,(anonymous_0)
FNF:1
FNH:0
FNDA:0,(anonymous_0)
DA:4,1
DA:9,1
DA:14,1
DA:18,1
DA:19,0
LF:5
LH:4
BRF:0
BRH:0
end_of_record
TN:
SF:client/components/Logos/StreetLight.jsx
FN:18,(anonymous_0)
FNF:1
FNH:0
FNDA:0,(anonymous_0)
DA:4,3
DA:9,3
DA:14,3
DA:18,3
DA:19,0
LF:5
LH:4
BRF:0
BRH:0
end_of_record
TN:
SF:client/components/Logos/WildLife.jsx
FN:18,(anonymous_0)
FNF:1
FNH:0
FNDA:0,(anonymous_0)
DA:4,3
DA:9,3
DA:14,3
DA:18,3
DA:19,0
LF:5
LH:4
BRF:0
BRH:0
end_of_record
TN:
SF:client/components/Logos/Yard.jsx
FN:18,(anonymous_0)
FNF:1
FNH:0
FNDA:0,(anonymous_0)
DA:4,3
DA:9,3
DA:14,3
DA:18,3
DA:19,0
LF:5
LH:4
BRF:0
BRH:0
end_of_record
TN:
SF:client/components/UI/BackDrop.jsx
FN:16,(anonymous_0)
FN:32,(anonymous_1)
FNF:2
FNH:0
FNDA:0,(anonymous_0)
FNDA:0,(anonymous_1)
DA:4,1
DA:16,1
DA:17,0
DA:21,1
DA:32,1
DA:33,0
LF:6
LH:4
BRF:0
BRH:0
end_of_record
TN:
SF:client/components/UI/Modal/AllReviewModal.jsx
FN:89,(anonymous_0)
FN:104,(anonymous_1)
FN:114,(anonymous_2)
FN:122,(anonymous_3)
FN:127,(anonymous_4)
FN:129,(anonymous_5)
FN:132,(anonymous_6)
FN:135,(anonymous_7)
FN:138,(anonymous_8)
FN:146,(anonymous_9)
FN:147,(anonymous_10)
FN:148,(anonymous_11)
FN:149,(anonymous_12)
FN:150,(anonymous_13)
FN:151,(anonymous_14)
FN:156,(anonymous_15)
FN:164,(anonymous_16)
FN:172,(anonymous_17)
FN:180,(anonymous_18)
FN:188,(anonymous_19)
FNF:20
FNH:0
FNDA:0,(anonymous_0)
FNDA:0,(anonymous_1)
FNDA:0,(anonymous_2)
FNDA:0,(anonymous_3)
FNDA:0,(anonymous_4)
FNDA:0,(anonymous_5)
FNDA:0,(anonymous_6)
FNDA:0,(anonymous_7)
FNDA:0,(anonymous_8)
FNDA:0,(anonymous_9)
FNDA:0,(anonymous_10)
FNDA:0,(anonymous_11)
FNDA:0,(anonymous_12)
FNDA:0,(anonymous_13)
FNDA:0,(anonymous_14)
FNDA:0,(anonymous_15)
FNDA:0,(anonymous_16)
FNDA:0,(anonymous_17)
FNDA:0,(anonymous_18)
FNDA:0,(anonymous_19)
DA:7,1
DA:77,1
DA:89,1
DA:90,0
DA:93,1
DA:104,1
DA:105,0
DA:115,0
DA:116,0
DA:120,0
DA:123,0
DA:128,0
DA:129,0
DA:130,0
DA:132,0
DA:133,0
DA:135,0
DA:136,0
DA:138,0
DA:139,0
DA:141,0
DA:146,0
DA:147,0
DA:148,0
DA:149,0
DA:150,0
DA:151,0
DA:157,0
DA:165,0
DA:173,0
DA:181,0
DA:189,0
LF:32
LH:5
BRDA:156,0,0,0
BRDA:156,0,1,0
BRDA:164,1,0,0
BRDA:164,1,1,0
BRDA:172,2,0,0
BRDA:172,2,1,0
BRDA:180,3,0,0
BRDA:180,3,1,0
BRDA:188,4,0,0
BRDA:188,4,1,0
BRF:10
BRH:0
end_of_record
TN:
SF:client/components/UI/Modal/FlagModal.jsx
FN:78,(anonymous_0)
FN:93,(anonymous_1)
FN:102,(anonymous_2)
FN:107,(anonymous_3)
FNF:4
FNH:0
FNDA:0,(anonymous_0)
FNDA:0,(anonymous_1)
FNDA:0,(anonymous_2)
FNDA:0,(anonymous_3)
DA:6,1
DA:66,1
DA:78,1
DA:79,0
DA:82,1
DA:93,1
DA:94,0
DA:102,1
DA:103,0
DA:107,0
LF:10
LH:6
BRF:0
BRH:0
end_of_record
TN:
SF:client/components/UI/Modal/SingleReviewModal.jsx
FN:14,(anonymous_0)
FN:74,(anonymous_1)
FN:82,(anonymous_2)
FN:98,(anonymous_3)
FNF:4
FNH:0
FNDA:0,(anonymous_0)
FNDA:0,(anonymous_1)
FNDA:0,(anonymous_2)
FNDA:0,(anonymous_3)
DA:8,1
DA:14,0
DA:75,0
DA:76,0
DA:80,0
DA:83,0
DA:84,0
DA:85,0
DA:86,0
DA:91,0
DA:92,0
DA:99,0
DA:100,0
LF:13
LH:1
BRDA:84,0,0,0
BRDA:84,0,1,0
BRDA:108,1,0,0
BRDA:108,1,1,0
BRF:4
BRH:0
end_of_record
